[08:50:40:746] [INFO] - org.springframework.boot.StartupInfoLogger.logStarting(StartupInfoLogger.java:48) - Starting WebApplication on simm with PID 6660 (D:\myworkspace\git\smart-industry\smart-industry-train-web\target\classes started by dell in D:\myworkspace\git\smart-industry)
[08:50:40:860] [INFO] - org.springframework.boot.SpringApplication.logStartupProfileInfo(SpringApplication.java:597) - The following profiles are active: dev
[08:50:41:172] [INFO] - org.hibernate.validator.internal.util.Version.<clinit>(Version.java:30) - HV000001: Hibernate Validator 5.3.6.Final
[08:50:49:652] [INFO] - org.apache.juli.logging.DirectJDKLog.log(DirectJDKLog.java:179) - Starting service [Tomcat]
[08:50:49:655] [INFO] - org.apache.juli.logging.DirectJDKLog.log(DirectJDKLog.java:179) - Starting Servlet Engine: Apache Tomcat/8.5.23
[08:50:49:904] [INFO] - org.apache.juli.logging.DirectJDKLog.log(DirectJDKLog.java:179) - Initializing Spring embedded WebApplicationContext
[08:50:58:792] [INFO] - org.apache.juli.logging.DirectJDKLog.log(DirectJDKLog.java:179) - Initializing ProtocolHandler ["http-nio-8899"]
[08:50:58:807] [INFO] - org.apache.juli.logging.DirectJDKLog.log(DirectJDKLog.java:179) - Starting ProtocolHandler ["http-nio-8899"]
[08:50:58:852] [INFO] - org.apache.juli.logging.DirectJDKLog.log(DirectJDKLog.java:179) - Using a shared selector for servlet write/read
[08:50:58:911] [INFO] - org.apache.juli.logging.DirectJDKLog.log(DirectJDKLog.java:179) - Initializing Spring FrameworkServlet 'dispatcherServlet'
[08:50:58:981] [INFO] - org.springframework.boot.StartupInfoLogger.logStarted(StartupInfoLogger.java:57) - Started WebApplication in 19.973 seconds (JVM running for 24.669)
[10:12:19:184] [INFO] - org.springframework.boot.StartupInfoLogger.logStarting(StartupInfoLogger.java:48) - Starting WebApplication on simm with PID 6660 (D:\myworkspace\git\smart-industry\smart-industry-train-web\target\classes started by dell in D:\myworkspace\git\smart-industry)
[10:12:19:185] [INFO] - org.springframework.boot.SpringApplication.logStartupProfileInfo(SpringApplication.java:597) - The following profiles are active: dev
[10:12:22:075] [INFO] - org.apache.juli.logging.DirectJDKLog.log(DirectJDKLog.java:179) - Starting service [Tomcat]
[10:12:22:075] [INFO] - org.apache.juli.logging.DirectJDKLog.log(DirectJDKLog.java:179) - Starting Servlet Engine: Apache Tomcat/8.5.23
[10:12:22:134] [INFO] - org.apache.juli.logging.DirectJDKLog.log(DirectJDKLog.java:179) - Initializing Spring embedded WebApplicationContext
[10:12:29:289] [INFO] - org.apache.juli.logging.DirectJDKLog.log(DirectJDKLog.java:179) - Initializing ProtocolHandler ["http-nio-8899"]
[10:12:29:290] [INFO] - org.apache.juli.logging.DirectJDKLog.log(DirectJDKLog.java:179) - Starting ProtocolHandler ["http-nio-8899"]
[10:12:29:312] [INFO] - org.apache.juli.logging.DirectJDKLog.log(DirectJDKLog.java:179) - Using a shared selector for servlet write/read
[10:12:29:357] [INFO] - org.apache.juli.logging.DirectJDKLog.log(DirectJDKLog.java:179) - Initializing Spring FrameworkServlet 'dispatcherServlet'
[10:12:29:372] [INFO] - org.springframework.boot.StartupInfoLogger.logStarted(StartupInfoLogger.java:57) - Started WebApplication in 10.727 seconds (JVM running for 4915.059)
[10:15:14:770] [INFO] - com.alibaba.druid.pool.DruidDataSource.init(DruidDataSource.java:922) - {dataSource-1} inited
[10:15:15:973] [INFO] - smart.industry.train.web.controllers.UserController.list(UserController.java:34) - This is an info message
[10:18:15:921] [INFO] - smart.industry.train.web.controllers.UserController.list(UserController.java:34) - This is an info message
[10:19:16:869] [INFO] - smart.industry.train.web.controllers.UserController.list(UserController.java:34) - This is an info message
[10:19:17:922] [INFO] - com.alibaba.druid.pool.DruidDataSource.close(DruidDataSource.java:1817) - {dataSource-1} closed
[10:19:19:045] [INFO] - org.springframework.boot.StartupInfoLogger.logStarting(StartupInfoLogger.java:48) - Starting WebApplication on simm with PID 6660 (D:\myworkspace\git\smart-industry\smart-industry-train-web\target\classes started by dell in D:\myworkspace\git\smart-industry)
[10:19:19:046] [INFO] - org.springframework.boot.SpringApplication.logStartupProfileInfo(SpringApplication.java:597) - The following profiles are active: dev
[10:19:22:753] [INFO] - org.apache.juli.logging.DirectJDKLog.log(DirectJDKLog.java:179) - Starting service [Tomcat]
[10:19:22:753] [INFO] - org.apache.juli.logging.DirectJDKLog.log(DirectJDKLog.java:179) - Starting Servlet Engine: Apache Tomcat/8.5.23
[10:19:22:814] [INFO] - org.apache.juli.logging.DirectJDKLog.log(DirectJDKLog.java:179) - Initializing Spring embedded WebApplicationContext
[10:19:28:749] [INFO] - org.apache.juli.logging.DirectJDKLog.log(DirectJDKLog.java:179) - Initializing ProtocolHandler ["http-nio-8899"]
[10:19:28:749] [INFO] - org.apache.juli.logging.DirectJDKLog.log(DirectJDKLog.java:179) - Starting ProtocolHandler ["http-nio-8899"]
[10:19:28:773] [INFO] - org.apache.juli.logging.DirectJDKLog.log(DirectJDKLog.java:179) - Using a shared selector for servlet write/read
[10:19:28:816] [INFO] - org.apache.juli.logging.DirectJDKLog.log(DirectJDKLog.java:179) - Initializing Spring FrameworkServlet 'dispatcherServlet'
[10:19:28:828] [INFO] - org.springframework.boot.StartupInfoLogger.logStarted(StartupInfoLogger.java:57) - Started WebApplication in 10.195 seconds (JVM running for 5334.515)
[10:20:55:962] [INFO] - smart.industry.train.web.controllers.UserController.list(UserController.java:34) - This is an info message
[10:20:56:330] [INFO] - com.alibaba.druid.pool.DruidDataSource.init(DruidDataSource.java:922) - {dataSource-2} inited
[10:26:31:912] [INFO] - smart.industry.train.web.controllers.UserController.list(UserController.java:34) - This is an info message
[11:15:43:180] [INFO] - smart.industry.train.web.controllers.UserController.list(UserController.java:34) - This is an info message
[11:15:53:193] [INFO] - smart.industry.train.web.controllers.UserController.list(UserController.java:34) - This is an info message
[11:16:10:192] [INFO] - smart.industry.train.web.controllers.UserController.list(UserController.java:34) - This is an info message
[11:26:20:132] [INFO] - smart.industry.train.web.controllers.UserController.list(UserController.java:34) - This is an info message
[11:28:20:018] [INFO] - smart.industry.train.web.controllers.UserController.list(UserController.java:34) - This is an info message
[11:36:52:631] [INFO] - smart.industry.train.web.controllers.UserController.list(UserController.java:34) - This is an info message
[11:44:17:698] [INFO] - smart.industry.train.web.controllers.UserController.list(UserController.java:34) - This is an info message
[11:45:48:186] [INFO] - smart.industry.train.web.controllers.UserController.list(UserController.java:34) - This is an info message
[11:53:19:025] [INFO] - smart.industry.train.web.controllers.UserController.list(UserController.java:34) - This is an info message
[12:28:59:246] [INFO] - smart.industry.train.web.controllers.UserController.list(UserController.java:34) - This is an info message
[12:49:19:818] [INFO] - smart.industry.train.web.controllers.UserController.list(UserController.java:34) - This is an info message
[12:55:29:113] [INFO] - smart.industry.train.web.controllers.UserController.list(UserController.java:34) - This is an info message
[13:32:37:749] [INFO] - smart.industry.train.web.controllers.UserController.list(UserController.java:34) - This is an info message
[13:40:19:017] [INFO] - smart.industry.train.web.controllers.UserController.list(UserController.java:34) - This is an info message
[23:31:33:786] [INFO] - org.springframework.boot.StartupInfoLogger.logStarting(StartupInfoLogger.java:48) - Starting WebApplication on simm with PID 9852 (D:\myworkspace\git\smart-industry\smart-industry-train-web\target\classes started by dell in D:\myworkspace\git\smart-industry)
[23:31:33:934] [INFO] - org.springframework.boot.SpringApplication.logStartupProfileInfo(SpringApplication.java:597) - The following profiles are active: dev
[23:31:34:470] [INFO] - org.hibernate.validator.internal.util.Version.<clinit>(Version.java:30) - HV000001: Hibernate Validator 5.3.6.Final
[23:31:41:393] [INFO] - org.apache.juli.logging.DirectJDKLog.log(DirectJDKLog.java:179) - Starting service [Tomcat]
[23:31:41:396] [INFO] - org.apache.juli.logging.DirectJDKLog.log(DirectJDKLog.java:179) - Starting Servlet Engine: Apache Tomcat/8.5.23
[23:31:41:645] [INFO] - org.apache.juli.logging.DirectJDKLog.log(DirectJDKLog.java:179) - Initializing Spring embedded WebApplicationContext
[23:31:50:807] [INFO] - org.apache.juli.logging.DirectJDKLog.log(DirectJDKLog.java:179) - Initializing ProtocolHandler ["http-nio-8899"]
[23:31:50:826] [INFO] - org.apache.juli.logging.DirectJDKLog.log(DirectJDKLog.java:179) - Starting ProtocolHandler ["http-nio-8899"]
[23:31:50:858] [INFO] - org.apache.juli.logging.DirectJDKLog.log(DirectJDKLog.java:179) - Using a shared selector for servlet write/read
[23:31:50:890] [INFO] - org.apache.juli.logging.DirectJDKLog.log(DirectJDKLog.java:179) - Initializing Spring FrameworkServlet 'dispatcherServlet'
[23:31:50:999] [INFO] - org.springframework.boot.StartupInfoLogger.logStarted(StartupInfoLogger.java:57) - Started WebApplication in 20.083 seconds (JVM running for 26.927)
[23:31:59:202] [INFO] - com.alibaba.druid.pool.DruidDataSource.init(DruidDataSource.java:922) - {dataSource-1} inited
