[09:26:08:521] [INFO] - org.springframework.boot.StartupInfoLogger.logStarting(StartupInfoLogger.java:48) - Starting WebApplication on simm with PID 2740 (D:\myworkspace\git\smart-industry\smart-industry-train-web\target\classes started by dell in D:\myworkspace\git\smart-industry)
[09:26:08:653] [INFO] - org.springframework.boot.SpringApplication.logStartupProfileInfo(SpringApplication.java:597) - The following profiles are active: dev
[09:26:09:155] [INFO] - org.hibernate.validator.internal.util.Version.<clinit>(Version.java:30) - HV000001: Hibernate Validator 5.3.6.Final
[09:26:15:294] [INFO] - org.apache.juli.logging.DirectJDKLog.log(DirectJDKLog.java:179) - Starting service [Tomcat]
[09:26:15:296] [INFO] - org.apache.juli.logging.DirectJDKLog.log(DirectJDKLog.java:179) - Starting Servlet Engine: Apache Tomcat/8.5.23
[09:26:15:499] [INFO] - org.apache.juli.logging.DirectJDKLog.log(DirectJDKLog.java:179) - Initializing Spring embedded WebApplicationContext
[09:26:24:501] [INFO] - org.apache.juli.logging.DirectJDKLog.log(DirectJDKLog.java:179) - Initializing ProtocolHandler ["http-nio-8899"]
[09:26:24:529] [INFO] - org.apache.juli.logging.DirectJDKLog.log(DirectJDKLog.java:179) - Starting ProtocolHandler ["http-nio-8899"]
[09:26:24:576] [INFO] - org.apache.juli.logging.DirectJDKLog.log(DirectJDKLog.java:179) - Using a shared selector for servlet write/read
[09:26:24:610] [INFO] - org.apache.juli.logging.DirectJDKLog.log(DirectJDKLog.java:179) - Initializing Spring FrameworkServlet 'dispatcherServlet'
[09:26:24:710] [INFO] - org.springframework.boot.StartupInfoLogger.logStarted(StartupInfoLogger.java:57) - Started WebApplication in 18.076 seconds (JVM running for 23.713)
[09:27:38:764] [INFO] - com.alibaba.druid.pool.DruidDataSource.init(DruidDataSource.java:922) - {dataSource-1} inited
[09:27:53:013] [INFO] - smart.industry.train.web.controllers.UserController.list(UserController.java:34) - This is an info message
[09:30:30:331] [INFO] - com.alibaba.druid.pool.DruidDataSource.close(DruidDataSource.java:1817) - {dataSource-1} closed
[09:30:31:390] [INFO] - org.springframework.boot.StartupInfoLogger.logStarting(StartupInfoLogger.java:48) - Starting WebApplication on simm with PID 2740 (D:\myworkspace\git\smart-industry\smart-industry-train-web\target\classes started by dell in D:\myworkspace\git\smart-industry)
[09:30:31:391] [INFO] - org.springframework.boot.SpringApplication.logStartupProfileInfo(SpringApplication.java:597) - The following profiles are active: dev
[09:30:37:520] [INFO] - org.apache.juli.logging.DirectJDKLog.log(DirectJDKLog.java:179) - Starting service [Tomcat]
[09:30:37:520] [INFO] - org.apache.juli.logging.DirectJDKLog.log(DirectJDKLog.java:179) - Starting Servlet Engine: Apache Tomcat/8.5.23
[09:30:37:589] [INFO] - org.apache.juli.logging.DirectJDKLog.log(DirectJDKLog.java:179) - Initializing Spring embedded WebApplicationContext
[09:30:42:960] [INFO] - org.apache.juli.logging.DirectJDKLog.log(DirectJDKLog.java:179) - Initializing ProtocolHandler ["http-nio-8899"]
[09:30:42:960] [INFO] - org.apache.juli.logging.DirectJDKLog.log(DirectJDKLog.java:179) - Starting ProtocolHandler ["http-nio-8899"]
[09:30:42:963] [INFO] - org.apache.juli.logging.DirectJDKLog.log(DirectJDKLog.java:179) - Using a shared selector for servlet write/read
[09:30:42:970] [INFO] - org.apache.juli.logging.DirectJDKLog.log(DirectJDKLog.java:179) - Initializing Spring FrameworkServlet 'dispatcherServlet'
[09:30:42:982] [INFO] - org.springframework.boot.StartupInfoLogger.logStarted(StartupInfoLogger.java:57) - Started WebApplication in 11.879 seconds (JVM running for 281.986)
[09:31:46:278] [INFO] - org.springframework.boot.StartupInfoLogger.logStarting(StartupInfoLogger.java:48) - Starting WebApplication on simm with PID 13656 (D:\myworkspace\git\smart-industry\smart-industry-train-web\target\classes started by dell in D:\myworkspace\git\smart-industry)
[09:31:46:348] [INFO] - org.springframework.boot.SpringApplication.logStartupProfileInfo(SpringApplication.java:597) - The following profiles are active: dev
[09:31:46:714] [INFO] - org.hibernate.validator.internal.util.Version.<clinit>(Version.java:30) - HV000001: Hibernate Validator 5.3.6.Final
[09:31:52:553] [INFO] - org.apache.juli.logging.DirectJDKLog.log(DirectJDKLog.java:179) - Starting service [Tomcat]
[09:31:52:556] [INFO] - org.apache.juli.logging.DirectJDKLog.log(DirectJDKLog.java:179) - Starting Servlet Engine: Apache Tomcat/8.5.23
[09:31:52:741] [INFO] - org.apache.juli.logging.DirectJDKLog.log(DirectJDKLog.java:179) - Initializing Spring embedded WebApplicationContext
[09:32:00:745] [INFO] - org.apache.juli.logging.DirectJDKLog.log(DirectJDKLog.java:179) - Initializing ProtocolHandler ["http-nio-8899"]
[09:32:00:761] [INFO] - org.apache.juli.logging.DirectJDKLog.log(DirectJDKLog.java:179) - Starting ProtocolHandler ["http-nio-8899"]
[09:32:00:795] [INFO] - org.apache.juli.logging.DirectJDKLog.log(DirectJDKLog.java:179) - Using a shared selector for servlet write/read
[09:32:00:822] [INFO] - org.apache.juli.logging.DirectJDKLog.log(DirectJDKLog.java:179) - Initializing Spring FrameworkServlet 'dispatcherServlet'
[09:32:00:890] [INFO] - org.springframework.boot.StartupInfoLogger.logStarted(StartupInfoLogger.java:57) - Started WebApplication in 16.734 seconds (JVM running for 20.329)
[09:32:18:892] [INFO] - com.alibaba.druid.pool.DruidDataSource.init(DruidDataSource.java:922) - {dataSource-1} inited
[09:32:19:413] [INFO] - smart.industry.train.web.controllers.UserController.list(UserController.java:34) - This is an info message
[09:32:59:811] [INFO] - smart.industry.train.web.controllers.UserController.list(UserController.java:34) - This is an info message
[09:38:02:889] [INFO] - smart.industry.train.web.controllers.UserController.list(UserController.java:34) - This is an info message
[09:41:34:371] [INFO] - smart.industry.train.web.controllers.UserController.list(UserController.java:34) - This is an info message
[09:49:05:947] [INFO] - smart.industry.train.web.controllers.UserController.list(UserController.java:34) - This is an info message
[10:08:32:745] [INFO] - smart.industry.train.web.controllers.UserController.list(UserController.java:34) - This is an info message
[10:13:56:089] [INFO] - smart.industry.train.web.controllers.UserController.list(UserController.java:34) - This is an info message
[10:29:03:233] [INFO] - smart.industry.train.web.controllers.UserController.list(UserController.java:34) - This is an info message
[11:02:59:462] [INFO] - com.alibaba.druid.pool.DruidDataSource.close(DruidDataSource.java:1817) - {dataSource-1} closed
[11:03:00:783] [INFO] - org.springframework.boot.StartupInfoLogger.logStarting(StartupInfoLogger.java:48) - Starting WebApplication on simm with PID 13656 (D:\myworkspace\git\smart-industry\smart-industry-train-web\target\classes started by dell in D:\myworkspace\git\smart-industry)
[11:03:00:784] [INFO] - org.springframework.boot.SpringApplication.logStartupProfileInfo(SpringApplication.java:597) - The following profiles are active: dev
[11:03:03:315] [INFO] - org.apache.juli.logging.DirectJDKLog.log(DirectJDKLog.java:179) - Starting service [Tomcat]
[11:03:03:315] [INFO] - org.apache.juli.logging.DirectJDKLog.log(DirectJDKLog.java:179) - Starting Servlet Engine: Apache Tomcat/8.5.23
[11:03:03:369] [INFO] - org.apache.juli.logging.DirectJDKLog.log(DirectJDKLog.java:179) - Initializing Spring embedded WebApplicationContext
[11:03:09:935] [INFO] - org.apache.juli.logging.DirectJDKLog.log(DirectJDKLog.java:179) - Initializing ProtocolHandler ["http-nio-8899"]
[11:03:09:936] [INFO] - org.apache.juli.logging.DirectJDKLog.log(DirectJDKLog.java:179) - Starting ProtocolHandler ["http-nio-8899"]
[11:03:09:939] [INFO] - org.apache.juli.logging.DirectJDKLog.log(DirectJDKLog.java:179) - Using a shared selector for servlet write/read
[11:03:09:945] [INFO] - org.apache.juli.logging.DirectJDKLog.log(DirectJDKLog.java:179) - Initializing Spring FrameworkServlet 'dispatcherServlet'
[11:03:09:963] [INFO] - org.springframework.boot.StartupInfoLogger.logStarted(StartupInfoLogger.java:57) - Started WebApplication in 9.789 seconds (JVM running for 5489.402)
[12:08:41:057] [INFO] - org.springframework.boot.StartupInfoLogger.logStarting(StartupInfoLogger.java:48) - Starting WebApplication on simm with PID 7512 (D:\myworkspace\git\smart-industry\smart-industry-train-web\target\classes started by dell in D:\myworkspace\git\smart-industry)
[12:08:41:167] [INFO] - org.springframework.boot.SpringApplication.logStartupProfileInfo(SpringApplication.java:597) - The following profiles are active: dev
[12:08:41:530] [INFO] - org.hibernate.validator.internal.util.Version.<clinit>(Version.java:30) - HV000001: Hibernate Validator 5.3.6.Final
[12:08:48:179] [INFO] - org.apache.juli.logging.DirectJDKLog.log(DirectJDKLog.java:179) - Starting service [Tomcat]
[12:08:48:181] [INFO] - org.apache.juli.logging.DirectJDKLog.log(DirectJDKLog.java:179) - Starting Servlet Engine: Apache Tomcat/8.5.23
[12:08:48:387] [INFO] - org.apache.juli.logging.DirectJDKLog.log(DirectJDKLog.java:179) - Initializing Spring embedded WebApplicationContext
[12:08:50:302] [INFO] - org.apache.juli.logging.DirectJDKLog.log(DirectJDKLog.java:179) - Stopping service [Tomcat]
[12:10:02:366] [INFO] - org.springframework.boot.StartupInfoLogger.logStarting(StartupInfoLogger.java:48) - Starting WebApplication on simm with PID 11928 (D:\myworkspace\git\smart-industry\smart-industry-train-web\target\classes started by dell in D:\myworkspace\git\smart-industry)
[12:10:02:433] [INFO] - org.springframework.boot.SpringApplication.logStartupProfileInfo(SpringApplication.java:597) - The following profiles are active: dev
[12:10:02:746] [INFO] - org.hibernate.validator.internal.util.Version.<clinit>(Version.java:30) - HV000001: Hibernate Validator 5.3.6.Final
[12:10:08:737] [INFO] - org.apache.juli.logging.DirectJDKLog.log(DirectJDKLog.java:179) - Starting service [Tomcat]
[12:10:08:739] [INFO] - org.apache.juli.logging.DirectJDKLog.log(DirectJDKLog.java:179) - Starting Servlet Engine: Apache Tomcat/8.5.23
[12:10:08:936] [INFO] - org.apache.juli.logging.DirectJDKLog.log(DirectJDKLog.java:179) - Initializing Spring embedded WebApplicationContext
[12:10:17:286] [INFO] - org.apache.juli.logging.DirectJDKLog.log(DirectJDKLog.java:179) - Initializing ProtocolHandler ["http-nio-8899"]
[12:10:17:301] [INFO] - org.apache.juli.logging.DirectJDKLog.log(DirectJDKLog.java:179) - Starting ProtocolHandler ["http-nio-8899"]
[12:10:17:332] [INFO] - org.apache.juli.logging.DirectJDKLog.log(DirectJDKLog.java:179) - Using a shared selector for servlet write/read
[12:10:17:360] [INFO] - org.apache.juli.logging.DirectJDKLog.log(DirectJDKLog.java:179) - Initializing Spring FrameworkServlet 'dispatcherServlet'
[12:10:17:431] [INFO] - org.springframework.boot.StartupInfoLogger.logStarted(StartupInfoLogger.java:57) - Started WebApplication in 16.688 seconds (JVM running for 21.312)
[12:10:52:883] [INFO] - com.alibaba.druid.pool.DruidDataSource.init(DruidDataSource.java:922) - {dataSource-1} inited
[12:10:53:764] [INFO] - smart.industry.train.web.controllers.UserController.list(UserController.java:34) - This is an info message
[12:13:10:911] [INFO] - smart.industry.train.web.controllers.UserController.list(UserController.java:34) - This is an info message
[12:43:33:407] [INFO] - com.alibaba.druid.pool.DruidDataSource.close(DruidDataSource.java:1817) - {dataSource-1} closed
[12:43:34:477] [INFO] - org.springframework.boot.StartupInfoLogger.logStarting(StartupInfoLogger.java:48) - Starting WebApplication on simm with PID 11928 (D:\myworkspace\git\smart-industry\smart-industry-train-web\target\classes started by dell in D:\myworkspace\git\smart-industry)
[12:43:34:478] [INFO] - org.springframework.boot.SpringApplication.logStartupProfileInfo(SpringApplication.java:597) - The following profiles are active: dev
[12:51:16:573] [INFO] - org.springframework.boot.StartupInfoLogger.logStarting(StartupInfoLogger.java:48) - Starting WebApplication on simm with PID 11928 (D:\myworkspace\git\smart-industry\smart-industry-train-web\target\classes started by dell in D:\myworkspace\git\smart-industry)
[12:51:16:575] [INFO] - org.springframework.boot.SpringApplication.logStartupProfileInfo(SpringApplication.java:597) - The following profiles are active: dev
[12:51:22:181] [INFO] - org.apache.juli.logging.DirectJDKLog.log(DirectJDKLog.java:179) - Starting service [Tomcat]
[12:51:22:182] [INFO] - org.apache.juli.logging.DirectJDKLog.log(DirectJDKLog.java:179) - Starting Servlet Engine: Apache Tomcat/8.5.23
[12:51:22:241] [INFO] - org.apache.juli.logging.DirectJDKLog.log(DirectJDKLog.java:179) - Initializing Spring embedded WebApplicationContext
[12:51:23:453] [INFO] - org.apache.juli.logging.DirectJDKLog.log(DirectJDKLog.java:179) - Stopping service [Tomcat]
[12:53:43:805] [INFO] - org.springframework.boot.StartupInfoLogger.logStarting(StartupInfoLogger.java:48) - Starting WebApplication on simm with PID 11928 (D:\myworkspace\git\smart-industry\smart-industry-train-web\target\classes started by dell in D:\myworkspace\git\smart-industry)
[12:53:43:807] [INFO] - org.springframework.boot.SpringApplication.logStartupProfileInfo(SpringApplication.java:597) - The following profiles are active: dev
[12:53:48:035] [INFO] - org.apache.juli.logging.DirectJDKLog.log(DirectJDKLog.java:179) - Starting service [Tomcat]
[12:53:48:036] [INFO] - org.apache.juli.logging.DirectJDKLog.log(DirectJDKLog.java:179) - Starting Servlet Engine: Apache Tomcat/8.5.23
[12:53:48:095] [INFO] - org.apache.juli.logging.DirectJDKLog.log(DirectJDKLog.java:179) - Initializing Spring embedded WebApplicationContext
[12:53:54:003] [INFO] - org.apache.juli.logging.DirectJDKLog.log(DirectJDKLog.java:179) - Initializing ProtocolHandler ["http-nio-8899"]
[12:53:54:003] [INFO] - org.apache.juli.logging.DirectJDKLog.log(DirectJDKLog.java:179) - Starting ProtocolHandler ["http-nio-8899"]
[12:53:54:006] [INFO] - org.apache.juli.logging.DirectJDKLog.log(DirectJDKLog.java:179) - Using a shared selector for servlet write/read
[12:53:54:013] [INFO] - org.apache.juli.logging.DirectJDKLog.log(DirectJDKLog.java:179) - Initializing Spring FrameworkServlet 'dispatcherServlet'
[12:53:54:025] [INFO] - org.springframework.boot.StartupInfoLogger.logStarted(StartupInfoLogger.java:57) - Started WebApplication in 10.824 seconds (JVM running for 2637.906)
[13:01:09:010] [INFO] - org.springframework.boot.StartupInfoLogger.logStarting(StartupInfoLogger.java:48) - Starting WebApplication on simm with PID 11928 (D:\myworkspace\git\smart-industry\smart-industry-train-web\target\classes started by dell in D:\myworkspace\git\smart-industry)
[13:01:09:010] [INFO] - org.springframework.boot.SpringApplication.logStartupProfileInfo(SpringApplication.java:597) - The following profiles are active: dev
[13:01:14:336] [INFO] - org.apache.juli.logging.DirectJDKLog.log(DirectJDKLog.java:179) - Starting service [Tomcat]
[13:01:14:336] [INFO] - org.apache.juli.logging.DirectJDKLog.log(DirectJDKLog.java:179) - Starting Servlet Engine: Apache Tomcat/8.5.23
[13:01:14:392] [INFO] - org.apache.juli.logging.DirectJDKLog.log(DirectJDKLog.java:179) - Initializing Spring embedded WebApplicationContext
[13:01:24:930] [INFO] - org.apache.juli.logging.DirectJDKLog.log(DirectJDKLog.java:179) - Initializing ProtocolHandler ["http-nio-8899"]
[13:01:24:931] [INFO] - org.apache.juli.logging.DirectJDKLog.log(DirectJDKLog.java:179) - Starting ProtocolHandler ["http-nio-8899"]
[13:01:24:941] [INFO] - org.apache.juli.logging.DirectJDKLog.log(DirectJDKLog.java:179) - Using a shared selector for servlet write/read
[13:01:24:955] [INFO] - org.apache.juli.logging.DirectJDKLog.log(DirectJDKLog.java:179) - Initializing Spring FrameworkServlet 'dispatcherServlet'
[13:01:24:974] [INFO] - org.springframework.boot.StartupInfoLogger.logStarted(StartupInfoLogger.java:57) - Started WebApplication in 16.35 seconds (JVM running for 3088.855)
[13:11:31:962] [INFO] - org.springframework.boot.StartupInfoLogger.logStarting(StartupInfoLogger.java:48) - Starting WebApplication on simm with PID 11928 (D:\myworkspace\git\smart-industry\smart-industry-train-web\target\classes started by dell in D:\myworkspace\git\smart-industry)
[13:11:31:962] [INFO] - org.springframework.boot.SpringApplication.logStartupProfileInfo(SpringApplication.java:597) - The following profiles are active: dev
[13:14:47:783] [INFO] - org.springframework.boot.StartupInfoLogger.logStarting(StartupInfoLogger.java:48) - Starting WebApplication on simm with PID 11928 (D:\myworkspace\git\smart-industry\smart-industry-train-web\target\classes started by dell in D:\myworkspace\git\smart-industry)
[13:14:47:783] [INFO] - org.springframework.boot.SpringApplication.logStartupProfileInfo(SpringApplication.java:597) - The following profiles are active: dev
[13:14:54:835] [INFO] - org.apache.juli.logging.DirectJDKLog.log(DirectJDKLog.java:179) - Starting service [Tomcat]
[13:14:54:835] [INFO] - org.apache.juli.logging.DirectJDKLog.log(DirectJDKLog.java:179) - Starting Servlet Engine: Apache Tomcat/8.5.23
[13:14:54:890] [INFO] - org.apache.juli.logging.DirectJDKLog.log(DirectJDKLog.java:179) - Initializing Spring embedded WebApplicationContext
[13:14:56:086] [INFO] - org.apache.juli.logging.DirectJDKLog.log(DirectJDKLog.java:179) - Stopping service [Tomcat]
[13:15:08:884] [INFO] - org.springframework.boot.StartupInfoLogger.logStarting(StartupInfoLogger.java:48) - Starting WebApplication on simm with PID 13080 (D:\myworkspace\git\smart-industry\smart-industry-train-web\target\classes started by dell in D:\myworkspace\git\smart-industry)
[13:15:08:895] [INFO] - org.springframework.boot.SpringApplication.logStartupProfileInfo(SpringApplication.java:597) - The following profiles are active: dev
[13:15:09:192] [INFO] - org.hibernate.validator.internal.util.Version.<clinit>(Version.java:30) - HV000001: Hibernate Validator 5.3.6.Final
[13:15:15:156] [INFO] - org.apache.juli.logging.DirectJDKLog.log(DirectJDKLog.java:179) - Starting service [Tomcat]
[13:15:15:159] [INFO] - org.apache.juli.logging.DirectJDKLog.log(DirectJDKLog.java:179) - Starting Servlet Engine: Apache Tomcat/8.5.23
[13:15:15:352] [INFO] - org.apache.juli.logging.DirectJDKLog.log(DirectJDKLog.java:179) - Initializing Spring embedded WebApplicationContext
[13:15:17:372] [INFO] - org.apache.juli.logging.DirectJDKLog.log(DirectJDKLog.java:179) - Stopping service [Tomcat]
[13:19:05:096] [INFO] - org.springframework.boot.StartupInfoLogger.logStarting(StartupInfoLogger.java:48) - Starting WebApplication on simm with PID 3176 (D:\myworkspace\git\smart-industry\smart-industry-train-web\target\classes started by dell in D:\myworkspace\git\smart-industry)
[13:19:05:114] [INFO] - org.springframework.boot.SpringApplication.logStartupProfileInfo(SpringApplication.java:597) - The following profiles are active: dev
[13:19:05:445] [INFO] - org.hibernate.validator.internal.util.Version.<clinit>(Version.java:30) - HV000001: Hibernate Validator 5.3.6.Final
[13:19:11:298] [INFO] - org.apache.juli.logging.DirectJDKLog.log(DirectJDKLog.java:179) - Starting service [Tomcat]
[13:19:11:301] [INFO] - org.apache.juli.logging.DirectJDKLog.log(DirectJDKLog.java:179) - Starting Servlet Engine: Apache Tomcat/8.5.23
[13:19:11:527] [INFO] - org.apache.juli.logging.DirectJDKLog.log(DirectJDKLog.java:179) - Initializing Spring embedded WebApplicationContext
[13:19:19:822] [INFO] - org.apache.juli.logging.DirectJDKLog.log(DirectJDKLog.java:179) - Initializing ProtocolHandler ["http-nio-8899"]
[13:19:19:837] [INFO] - org.apache.juli.logging.DirectJDKLog.log(DirectJDKLog.java:179) - Starting ProtocolHandler ["http-nio-8899"]
[13:19:19:865] [INFO] - org.apache.juli.logging.DirectJDKLog.log(DirectJDKLog.java:179) - Using a shared selector for servlet write/read
[13:19:19:890] [INFO] - org.apache.juli.logging.DirectJDKLog.log(DirectJDKLog.java:179) - Initializing Spring FrameworkServlet 'dispatcherServlet'
[13:19:19:962] [INFO] - org.springframework.boot.StartupInfoLogger.logStarted(StartupInfoLogger.java:57) - Started WebApplication in 16.432 seconds (JVM running for 20.019)
[13:19:43:508] [INFO] - com.alibaba.druid.pool.DruidDataSource.init(DruidDataSource.java:922) - {dataSource-1} inited
[13:19:44:949] [INFO] - smart.industry.train.web.controllers.UserController.list(UserController.java:34) - This is an info message
[13:28:37:051] [INFO] - com.alibaba.druid.pool.DruidDataSource.close(DruidDataSource.java:1817) - {dataSource-1} closed
[13:28:38:366] [INFO] - org.springframework.boot.StartupInfoLogger.logStarting(StartupInfoLogger.java:48) - Starting WebApplication on simm with PID 3176 (D:\myworkspace\git\smart-industry\smart-industry-train-web\target\classes started by dell in D:\myworkspace\git\smart-industry)
[13:28:38:366] [INFO] - org.springframework.boot.SpringApplication.logStartupProfileInfo(SpringApplication.java:597) - The following profiles are active: dev
[13:28:42:352] [INFO] - org.apache.juli.logging.DirectJDKLog.log(DirectJDKLog.java:179) - Starting service [Tomcat]
[13:28:42:353] [INFO] - org.apache.juli.logging.DirectJDKLog.log(DirectJDKLog.java:179) - Starting Servlet Engine: Apache Tomcat/8.5.23
[13:28:42:421] [INFO] - org.apache.juli.logging.DirectJDKLog.log(DirectJDKLog.java:179) - Initializing Spring embedded WebApplicationContext
[13:28:49:587] [INFO] - org.apache.juli.logging.DirectJDKLog.log(DirectJDKLog.java:179) - Initializing ProtocolHandler ["http-nio-8899"]
[13:28:49:587] [INFO] - org.apache.juli.logging.DirectJDKLog.log(DirectJDKLog.java:179) - Starting ProtocolHandler ["http-nio-8899"]
[13:28:49:590] [INFO] - org.apache.juli.logging.DirectJDKLog.log(DirectJDKLog.java:179) - Using a shared selector for servlet write/read
[13:28:49:597] [INFO] - org.apache.juli.logging.DirectJDKLog.log(DirectJDKLog.java:179) - Initializing Spring FrameworkServlet 'dispatcherServlet'
[13:28:49:609] [INFO] - org.springframework.boot.StartupInfoLogger.logStarted(StartupInfoLogger.java:57) - Started WebApplication in 11.716 seconds (JVM running for 589.666)
[13:30:57:193] [INFO] - smart.industry.train.web.controllers.UserController.list(UserController.java:34) - This is an info message
[13:30:57:719] [INFO] - com.alibaba.druid.pool.DruidDataSource.init(DruidDataSource.java:922) - {dataSource-2} inited
[13:42:50:059] [INFO] - smart.industry.train.web.controllers.UserController.list(UserController.java:34) - This is an info message
[13:45:36:473] [INFO] - com.alibaba.druid.pool.DruidDataSource.close(DruidDataSource.java:1817) - {dataSource-2} closed
[13:45:37:625] [INFO] - org.springframework.boot.StartupInfoLogger.logStarting(StartupInfoLogger.java:48) - Starting WebApplication on simm with PID 3176 (D:\myworkspace\git\smart-industry\smart-industry-train-web\target\classes started by dell in D:\myworkspace\git\smart-industry)
[13:45:37:625] [INFO] - org.springframework.boot.SpringApplication.logStartupProfileInfo(SpringApplication.java:597) - The following profiles are active: dev
[13:45:42:046] [INFO] - org.apache.juli.logging.DirectJDKLog.log(DirectJDKLog.java:179) - Starting service [Tomcat]
[13:45:42:046] [INFO] - org.apache.juli.logging.DirectJDKLog.log(DirectJDKLog.java:179) - Starting Servlet Engine: Apache Tomcat/8.5.23
[13:45:42:207] [INFO] - org.apache.juli.logging.DirectJDKLog.log(DirectJDKLog.java:179) - Initializing Spring embedded WebApplicationContext
[13:45:48:469] [INFO] - org.apache.juli.logging.DirectJDKLog.log(DirectJDKLog.java:179) - Initializing ProtocolHandler ["http-nio-8899"]
[13:45:48:470] [INFO] - org.apache.juli.logging.DirectJDKLog.log(DirectJDKLog.java:179) - Starting ProtocolHandler ["http-nio-8899"]
[13:45:48:473] [INFO] - org.apache.juli.logging.DirectJDKLog.log(DirectJDKLog.java:179) - Using a shared selector for servlet write/read
[13:45:48:480] [INFO] - org.apache.juli.logging.DirectJDKLog.log(DirectJDKLog.java:179) - Initializing Spring FrameworkServlet 'dispatcherServlet'
[13:45:48:492] [INFO] - org.springframework.boot.StartupInfoLogger.logStarted(StartupInfoLogger.java:57) - Started WebApplication in 11.214 seconds (JVM running for 1608.548)
[13:45:52:043] [INFO] - smart.industry.train.web.controllers.UserController.list(UserController.java:34) - This is an info message
[13:45:52:234] [INFO] - com.alibaba.druid.pool.DruidDataSource.init(DruidDataSource.java:922) - {dataSource-3} inited
[13:54:12:047] [INFO] - smart.industry.train.web.controllers.UserController.list(UserController.java:34) - This is an info message
[13:56:37:995] [INFO] - smart.industry.train.web.controllers.UserController.list(UserController.java:34) - This is an info message
[13:57:52:790] [INFO] - smart.industry.train.web.controllers.UserController.list(UserController.java:34) - This is an info message
[14:00:56:371] [INFO] - com.alibaba.druid.pool.DruidDataSource.close(DruidDataSource.java:1817) - {dataSource-3} closed
[14:00:57:699] [INFO] - org.springframework.boot.StartupInfoLogger.logStarting(StartupInfoLogger.java:48) - Starting WebApplication on simm with PID 3176 (D:\myworkspace\git\smart-industry\smart-industry-train-web\target\classes started by dell in D:\myworkspace\git\smart-industry)
[14:00:57:700] [INFO] - org.springframework.boot.SpringApplication.logStartupProfileInfo(SpringApplication.java:597) - The following profiles are active: dev
[14:01:02:966] [INFO] - org.apache.juli.logging.DirectJDKLog.log(DirectJDKLog.java:179) - Starting service [Tomcat]
[14:01:02:966] [INFO] - org.apache.juli.logging.DirectJDKLog.log(DirectJDKLog.java:179) - Starting Servlet Engine: Apache Tomcat/8.5.23
[14:01:03:020] [INFO] - org.apache.juli.logging.DirectJDKLog.log(DirectJDKLog.java:179) - Initializing Spring embedded WebApplicationContext
[14:01:09:555] [INFO] - org.apache.juli.logging.DirectJDKLog.log(DirectJDKLog.java:179) - Initializing ProtocolHandler ["http-nio-8899"]
[14:01:09:555] [INFO] - org.apache.juli.logging.DirectJDKLog.log(DirectJDKLog.java:179) - Starting ProtocolHandler ["http-nio-8899"]
[14:01:09:560] [INFO] - org.apache.juli.logging.DirectJDKLog.log(DirectJDKLog.java:179) - Using a shared selector for servlet write/read
[14:01:09:574] [INFO] - org.apache.juli.logging.DirectJDKLog.log(DirectJDKLog.java:179) - Initializing Spring FrameworkServlet 'dispatcherServlet'
[14:01:09:598] [INFO] - org.springframework.boot.StartupInfoLogger.logStarted(StartupInfoLogger.java:57) - Started WebApplication in 12.243 seconds (JVM running for 2529.655)
[14:01:18:549] [INFO] - smart.industry.train.web.controllers.UserController.list(UserController.java:34) - This is an info message
[14:01:18:813] [INFO] - com.alibaba.druid.pool.DruidDataSource.init(DruidDataSource.java:922) - {dataSource-4} inited
[14:14:47:022] [INFO] - com.alibaba.druid.pool.DruidDataSource.close(DruidDataSource.java:1817) - {dataSource-4} closed
[14:14:48:674] [INFO] - org.springframework.boot.StartupInfoLogger.logStarting(StartupInfoLogger.java:48) - Starting WebApplication on simm with PID 3176 (D:\myworkspace\git\smart-industry\smart-industry-train-web\target\classes started by dell in D:\myworkspace\git\smart-industry)
[14:14:48:675] [INFO] - org.springframework.boot.SpringApplication.logStartupProfileInfo(SpringApplication.java:597) - The following profiles are active: dev
[14:14:53:422] [INFO] - org.apache.juli.logging.DirectJDKLog.log(DirectJDKLog.java:179) - Starting service [Tomcat]
[14:14:53:422] [INFO] - org.apache.juli.logging.DirectJDKLog.log(DirectJDKLog.java:179) - Starting Servlet Engine: Apache Tomcat/8.5.23
[14:14:53:550] [INFO] - org.apache.juli.logging.DirectJDKLog.log(DirectJDKLog.java:179) - Initializing Spring embedded WebApplicationContext
[14:14:59:325] [INFO] - org.apache.juli.logging.DirectJDKLog.log(DirectJDKLog.java:179) - Initializing ProtocolHandler ["http-nio-8899"]
[14:14:59:326] [INFO] - org.apache.juli.logging.DirectJDKLog.log(DirectJDKLog.java:179) - Starting ProtocolHandler ["http-nio-8899"]
[14:14:59:330] [INFO] - org.apache.juli.logging.DirectJDKLog.log(DirectJDKLog.java:179) - Using a shared selector for servlet write/read
[14:14:59:340] [INFO] - org.apache.juli.logging.DirectJDKLog.log(DirectJDKLog.java:179) - Initializing Spring FrameworkServlet 'dispatcherServlet'
[14:14:59:362] [INFO] - org.springframework.boot.StartupInfoLogger.logStarted(StartupInfoLogger.java:57) - Started WebApplication in 11.079 seconds (JVM running for 3359.419)
[14:26:27:043] [INFO] - org.springframework.boot.StartupInfoLogger.logStarting(StartupInfoLogger.java:48) - Starting WebApplication on simm with PID 3176 (D:\myworkspace\git\smart-industry\smart-industry-train-web\target\classes started by dell in D:\myworkspace\git\smart-industry)
[14:26:27:044] [INFO] - org.springframework.boot.SpringApplication.logStartupProfileInfo(SpringApplication.java:597) - The following profiles are active: dev
[14:31:22:969] [INFO] - org.springframework.boot.StartupInfoLogger.logStarting(StartupInfoLogger.java:48) - Starting WebApplication on simm with PID 3176 (D:\myworkspace\git\smart-industry\smart-industry-train-web\target\classes started by dell in D:\myworkspace\git\smart-industry)
[14:31:22:970] [INFO] - org.springframework.boot.SpringApplication.logStartupProfileInfo(SpringApplication.java:597) - The following profiles are active: dev
[14:31:26:711] [INFO] - org.apache.juli.logging.DirectJDKLog.log(DirectJDKLog.java:179) - Starting service [Tomcat]
[14:31:26:711] [INFO] - org.apache.juli.logging.DirectJDKLog.log(DirectJDKLog.java:179) - Starting Servlet Engine: Apache Tomcat/8.5.23
[14:31:26:764] [INFO] - org.apache.juli.logging.DirectJDKLog.log(DirectJDKLog.java:179) - Initializing Spring embedded WebApplicationContext
[14:31:32:624] [INFO] - org.apache.juli.logging.DirectJDKLog.log(DirectJDKLog.java:179) - Initializing ProtocolHandler ["http-nio-8899"]
[14:31:32:624] [INFO] - org.apache.juli.logging.DirectJDKLog.log(DirectJDKLog.java:179) - Starting ProtocolHandler ["http-nio-8899"]
[14:31:32:627] [INFO] - org.apache.juli.logging.DirectJDKLog.log(DirectJDKLog.java:179) - Using a shared selector for servlet write/read
[14:31:32:634] [INFO] - org.apache.juli.logging.DirectJDKLog.log(DirectJDKLog.java:179) - Initializing Spring FrameworkServlet 'dispatcherServlet'
[14:31:32:647] [INFO] - org.springframework.boot.StartupInfoLogger.logStarted(StartupInfoLogger.java:57) - Started WebApplication in 9.918 seconds (JVM running for 4352.704)
[14:32:53:233] [INFO] - org.springframework.boot.StartupInfoLogger.logStarting(StartupInfoLogger.java:48) - Starting WebApplication on simm with PID 3176 (D:\myworkspace\git\smart-industry\smart-industry-train-web\target\classes started by dell in D:\myworkspace\git\smart-industry)
[14:32:53:235] [INFO] - org.springframework.boot.SpringApplication.logStartupProfileInfo(SpringApplication.java:597) - The following profiles are active: dev
[14:32:57:647] [INFO] - org.apache.juli.logging.DirectJDKLog.log(DirectJDKLog.java:179) - Starting service [Tomcat]
[14:32:57:647] [INFO] - org.apache.juli.logging.DirectJDKLog.log(DirectJDKLog.java:179) - Starting Servlet Engine: Apache Tomcat/8.5.23
[14:32:57:700] [INFO] - org.apache.juli.logging.DirectJDKLog.log(DirectJDKLog.java:179) - Initializing Spring embedded WebApplicationContext
[14:33:03:535] [INFO] - org.apache.juli.logging.DirectJDKLog.log(DirectJDKLog.java:179) - Initializing ProtocolHandler ["http-nio-8899"]
[14:33:03:535] [INFO] - org.apache.juli.logging.DirectJDKLog.log(DirectJDKLog.java:179) - Starting ProtocolHandler ["http-nio-8899"]
[14:33:03:537] [INFO] - org.apache.juli.logging.DirectJDKLog.log(DirectJDKLog.java:179) - Using a shared selector for servlet write/read
[14:33:03:545] [INFO] - org.apache.juli.logging.DirectJDKLog.log(DirectJDKLog.java:179) - Initializing Spring FrameworkServlet 'dispatcherServlet'
[14:33:03:557] [INFO] - org.springframework.boot.StartupInfoLogger.logStarted(StartupInfoLogger.java:57) - Started WebApplication in 10.874 seconds (JVM running for 4443.614)
[14:33:56:160] [INFO] - com.alibaba.druid.pool.DruidDataSource.init(DruidDataSource.java:922) - {dataSource-5} inited
[14:33:57:073] [INFO] - smart.industry.train.web.controllers.UserController.list(UserController.java:34) - This is an info message
[14:38:09:723] [INFO] - smart.industry.train.web.controllers.UserController.list(UserController.java:34) - This is an info message
[14:41:38:196] [INFO] - com.alibaba.druid.pool.DruidDataSource.close(DruidDataSource.java:1817) - {dataSource-5} closed
[14:41:39:478] [INFO] - org.springframework.boot.StartupInfoLogger.logStarting(StartupInfoLogger.java:48) - Starting WebApplication on simm with PID 3176 (D:\myworkspace\git\smart-industry\smart-industry-train-web\target\classes started by dell in D:\myworkspace\git\smart-industry)
[14:41:39:479] [INFO] - org.springframework.boot.SpringApplication.logStartupProfileInfo(SpringApplication.java:597) - The following profiles are active: dev
[14:41:44:824] [INFO] - org.apache.juli.logging.DirectJDKLog.log(DirectJDKLog.java:179) - Starting service [Tomcat]
[14:41:44:825] [INFO] - org.apache.juli.logging.DirectJDKLog.log(DirectJDKLog.java:179) - Starting Servlet Engine: Apache Tomcat/8.5.23
[14:41:44:968] [INFO] - org.apache.juli.logging.DirectJDKLog.log(DirectJDKLog.java:179) - Initializing Spring embedded WebApplicationContext
[14:41:51:254] [INFO] - org.apache.juli.logging.DirectJDKLog.log(DirectJDKLog.java:179) - Initializing ProtocolHandler ["http-nio-8899"]
[14:41:51:255] [INFO] - org.apache.juli.logging.DirectJDKLog.log(DirectJDKLog.java:179) - Starting ProtocolHandler ["http-nio-8899"]
[14:41:51:259] [INFO] - org.apache.juli.logging.DirectJDKLog.log(DirectJDKLog.java:179) - Using a shared selector for servlet write/read
[14:41:51:268] [INFO] - org.apache.juli.logging.DirectJDKLog.log(DirectJDKLog.java:179) - Initializing Spring FrameworkServlet 'dispatcherServlet'
[14:41:51:285] [INFO] - org.springframework.boot.StartupInfoLogger.logStarted(StartupInfoLogger.java:57) - Started WebApplication in 12.144 seconds (JVM running for 4971.341)
[14:44:59:391] [INFO] - org.springframework.boot.StartupInfoLogger.logStarting(StartupInfoLogger.java:48) - Starting WebApplication on simm with PID 3176 (D:\myworkspace\git\smart-industry\smart-industry-train-web\target\classes started by dell in D:\myworkspace\git\smart-industry)
[14:44:59:392] [INFO] - org.springframework.boot.SpringApplication.logStartupProfileInfo(SpringApplication.java:597) - The following profiles are active: dev
[14:45:03:797] [INFO] - org.apache.juli.logging.DirectJDKLog.log(DirectJDKLog.java:179) - Starting service [Tomcat]
[14:45:03:797] [INFO] - org.apache.juli.logging.DirectJDKLog.log(DirectJDKLog.java:179) - Starting Servlet Engine: Apache Tomcat/8.5.23
[14:45:03:854] [INFO] - org.apache.juli.logging.DirectJDKLog.log(DirectJDKLog.java:179) - Initializing Spring embedded WebApplicationContext
[14:45:11:693] [INFO] - org.apache.juli.logging.DirectJDKLog.log(DirectJDKLog.java:179) - Initializing ProtocolHandler ["http-nio-8899"]
[14:45:11:695] [INFO] - org.apache.juli.logging.DirectJDKLog.log(DirectJDKLog.java:179) - Starting ProtocolHandler ["http-nio-8899"]
[14:45:11:699] [INFO] - org.apache.juli.logging.DirectJDKLog.log(DirectJDKLog.java:179) - Using a shared selector for servlet write/read
[14:45:11:713] [INFO] - org.apache.juli.logging.DirectJDKLog.log(DirectJDKLog.java:179) - Initializing Spring FrameworkServlet 'dispatcherServlet'
[14:45:11:737] [INFO] - org.springframework.boot.StartupInfoLogger.logStarted(StartupInfoLogger.java:57) - Started WebApplication in 12.86 seconds (JVM running for 5171.794)
[14:45:20:309] [INFO] - smart.industry.train.web.controllers.UserController.list(UserController.java:34) - This is an info message
[14:45:20:507] [INFO] - com.alibaba.druid.pool.DruidDataSource.init(DruidDataSource.java:922) - {dataSource-6} inited
[14:51:34:959] [INFO] - smart.industry.train.web.controllers.UserController.list(UserController.java:34) - This is an info message
[14:51:51:370] [INFO] - org.springframework.boot.StartupInfoLogger.logStarting(StartupInfoLogger.java:48) - Starting WebApplication on simm with PID 11612 (D:\myworkspace\git\smart-industry\smart-industry-train-web\target\classes started by dell in D:\myworkspace\git\smart-industry)
[14:51:51:456] [INFO] - org.springframework.boot.SpringApplication.logStartupProfileInfo(SpringApplication.java:597) - The following profiles are active: dev
[14:51:51:803] [INFO] - org.hibernate.validator.internal.util.Version.<clinit>(Version.java:30) - HV000001: Hibernate Validator 5.3.6.Final
[14:51:57:884] [INFO] - org.apache.juli.logging.DirectJDKLog.log(DirectJDKLog.java:179) - Starting service [Tomcat]
[14:51:57:886] [INFO] - org.apache.juli.logging.DirectJDKLog.log(DirectJDKLog.java:179) - Starting Servlet Engine: Apache Tomcat/8.5.23
[14:51:58:076] [INFO] - org.apache.juli.logging.DirectJDKLog.log(DirectJDKLog.java:179) - Initializing Spring embedded WebApplicationContext
[14:52:06:907] [INFO] - org.apache.juli.logging.DirectJDKLog.log(DirectJDKLog.java:179) - Initializing ProtocolHandler ["http-nio-8899"]
[14:52:06:923] [INFO] - org.apache.juli.logging.DirectJDKLog.log(DirectJDKLog.java:179) - Starting ProtocolHandler ["http-nio-8899"]
[14:52:06:953] [INFO] - org.apache.juli.logging.DirectJDKLog.log(DirectJDKLog.java:179) - Using a shared selector for servlet write/read
[14:52:06:980] [INFO] - org.apache.juli.logging.DirectJDKLog.log(DirectJDKLog.java:179) - Initializing Spring FrameworkServlet 'dispatcherServlet'
[14:52:07:086] [INFO] - org.springframework.boot.StartupInfoLogger.logStarted(StartupInfoLogger.java:57) - Started WebApplication in 17.797 seconds (JVM running for 21.119)
[14:52:18:684] [INFO] - com.alibaba.druid.pool.DruidDataSource.init(DruidDataSource.java:922) - {dataSource-1} inited
[14:52:20:117] [INFO] - smart.industry.train.web.controllers.UserController.list(UserController.java:34) - This is an info message
[14:57:26:338] [INFO] - com.alibaba.druid.pool.DruidDataSource.close(DruidDataSource.java:1817) - {dataSource-1} closed
[14:57:28:420] [INFO] - org.springframework.boot.StartupInfoLogger.logStarting(StartupInfoLogger.java:48) - Starting WebApplication on simm with PID 11612 (D:\myworkspace\git\smart-industry\smart-industry-train-web\target\classes started by dell in D:\myworkspace\git\smart-industry)
[14:57:28:421] [INFO] - org.springframework.boot.SpringApplication.logStartupProfileInfo(SpringApplication.java:597) - The following profiles are active: dev
[14:57:31:731] [INFO] - org.apache.juli.logging.DirectJDKLog.log(DirectJDKLog.java:179) - Starting service [Tomcat]
[14:57:31:731] [INFO] - org.apache.juli.logging.DirectJDKLog.log(DirectJDKLog.java:179) - Starting Servlet Engine: Apache Tomcat/8.5.23
[14:57:31:789] [INFO] - org.apache.juli.logging.DirectJDKLog.log(DirectJDKLog.java:179) - Initializing Spring embedded WebApplicationContext
[14:57:38:080] [INFO] - org.apache.juli.logging.DirectJDKLog.log(DirectJDKLog.java:179) - Initializing ProtocolHandler ["http-nio-8899"]
[14:57:38:081] [INFO] - org.apache.juli.logging.DirectJDKLog.log(DirectJDKLog.java:179) - Starting ProtocolHandler ["http-nio-8899"]
[14:57:38:084] [INFO] - org.apache.juli.logging.DirectJDKLog.log(DirectJDKLog.java:179) - Using a shared selector for servlet write/read
[14:57:38:090] [INFO] - org.apache.juli.logging.DirectJDKLog.log(DirectJDKLog.java:179) - Initializing Spring FrameworkServlet 'dispatcherServlet'
[14:57:38:104] [INFO] - org.springframework.boot.StartupInfoLogger.logStarted(StartupInfoLogger.java:57) - Started WebApplication in 10.395 seconds (JVM running for 352.137)
[15:01:43:113] [INFO] - smart.industry.train.web.controllers.UserController.list(UserController.java:34) - This is an info message
[15:01:43:498] [INFO] - com.alibaba.druid.pool.DruidDataSource.init(DruidDataSource.java:922) - {dataSource-2} inited
[15:01:46:545] [INFO] - com.alibaba.druid.pool.DruidDataSource.close(DruidDataSource.java:1817) - {dataSource-2} closed
[15:01:48:418] [INFO] - org.springframework.boot.StartupInfoLogger.logStarting(StartupInfoLogger.java:48) - Starting WebApplication on simm with PID 11612 (D:\myworkspace\git\smart-industry\smart-industry-train-web\target\classes started by dell in D:\myworkspace\git\smart-industry)
[15:01:48:419] [INFO] - org.springframework.boot.SpringApplication.logStartupProfileInfo(SpringApplication.java:597) - The following profiles are active: dev
[15:01:52:474] [INFO] - org.apache.juli.logging.DirectJDKLog.log(DirectJDKLog.java:179) - Starting service [Tomcat]
[15:01:52:476] [INFO] - org.apache.juli.logging.DirectJDKLog.log(DirectJDKLog.java:179) - Starting Servlet Engine: Apache Tomcat/8.5.23
[15:01:52:533] [INFO] - org.apache.juli.logging.DirectJDKLog.log(DirectJDKLog.java:179) - Initializing Spring embedded WebApplicationContext
[15:01:59:025] [INFO] - org.apache.juli.logging.DirectJDKLog.log(DirectJDKLog.java:179) - Initializing ProtocolHandler ["http-nio-8899"]
[15:01:59:026] [INFO] - org.apache.juli.logging.DirectJDKLog.log(DirectJDKLog.java:179) - Starting ProtocolHandler ["http-nio-8899"]
[15:01:59:030] [INFO] - org.apache.juli.logging.DirectJDKLog.log(DirectJDKLog.java:179) - Using a shared selector for servlet write/read
[15:01:59:044] [INFO] - org.apache.juli.logging.DirectJDKLog.log(DirectJDKLog.java:179) - Initializing Spring FrameworkServlet 'dispatcherServlet'
[15:01:59:066] [INFO] - org.springframework.boot.StartupInfoLogger.logStarted(StartupInfoLogger.java:57) - Started WebApplication in 11.211 seconds (JVM running for 613.099)
[15:02:16:547] [INFO] - com.alibaba.druid.pool.DruidDataSource.init(DruidDataSource.java:922) - {dataSource-3} inited
[15:02:38:692] [INFO] - smart.industry.train.web.controllers.UserController.list(UserController.java:34) - This is an info message
[15:02:53:479] [INFO] - org.springframework.boot.StartupInfoLogger.logStarting(StartupInfoLogger.java:48) - Starting WebApplication on simm with PID 8384 (D:\myworkspace\git\smart-industry\smart-industry-train-web\target\classes started by dell in D:\myworkspace\git\smart-industry)
[15:02:53:558] [INFO] - org.springframework.boot.SpringApplication.logStartupProfileInfo(SpringApplication.java:597) - The following profiles are active: dev
[15:02:53:862] [INFO] - org.hibernate.validator.internal.util.Version.<clinit>(Version.java:30) - HV000001: Hibernate Validator 5.3.6.Final
[15:02:59:782] [INFO] - org.apache.juli.logging.DirectJDKLog.log(DirectJDKLog.java:179) - Starting service [Tomcat]
[15:02:59:784] [INFO] - org.apache.juli.logging.DirectJDKLog.log(DirectJDKLog.java:179) - Starting Servlet Engine: Apache Tomcat/8.5.23
[15:03:00:041] [INFO] - org.apache.juli.logging.DirectJDKLog.log(DirectJDKLog.java:179) - Initializing Spring embedded WebApplicationContext
[15:03:11:117] [INFO] - org.apache.juli.logging.DirectJDKLog.log(DirectJDKLog.java:179) - Initializing ProtocolHandler ["http-nio-8899"]
[15:03:11:133] [INFO] - org.apache.juli.logging.DirectJDKLog.log(DirectJDKLog.java:179) - Starting ProtocolHandler ["http-nio-8899"]
[15:03:11:162] [INFO] - org.apache.juli.logging.DirectJDKLog.log(DirectJDKLog.java:179) - Using a shared selector for servlet write/read
[15:03:11:187] [INFO] - org.apache.juli.logging.DirectJDKLog.log(DirectJDKLog.java:179) - Initializing Spring FrameworkServlet 'dispatcherServlet'
[15:03:11:266] [INFO] - org.springframework.boot.StartupInfoLogger.logStarted(StartupInfoLogger.java:57) - Started WebApplication in 19.555 seconds (JVM running for 23.362)
[15:03:21:124] [INFO] - com.alibaba.druid.pool.DruidDataSource.init(DruidDataSource.java:922) - {dataSource-1} inited
[15:03:22:207] [INFO] - smart.industry.train.web.controllers.UserController.list(UserController.java:34) - This is an info message
[15:08:36:570] [INFO] - com.alibaba.druid.pool.DruidDataSource.close(DruidDataSource.java:1817) - {dataSource-1} closed
[15:08:38:036] [INFO] - org.springframework.boot.StartupInfoLogger.logStarting(StartupInfoLogger.java:48) - Starting WebApplication on simm with PID 8384 (D:\myworkspace\git\smart-industry\smart-industry-train-web\target\classes started by dell in D:\myworkspace\git\smart-industry)
[15:08:38:037] [INFO] - org.springframework.boot.SpringApplication.logStartupProfileInfo(SpringApplication.java:597) - The following profiles are active: dev
[15:08:41:268] [INFO] - org.apache.juli.logging.DirectJDKLog.log(DirectJDKLog.java:179) - Starting service [Tomcat]
[15:08:41:269] [INFO] - org.apache.juli.logging.DirectJDKLog.log(DirectJDKLog.java:179) - Starting Servlet Engine: Apache Tomcat/8.5.23
[15:08:41:352] [INFO] - org.apache.juli.logging.DirectJDKLog.log(DirectJDKLog.java:179) - Initializing Spring embedded WebApplicationContext
[15:08:42:961] [INFO] - org.apache.juli.logging.DirectJDKLog.log(DirectJDKLog.java:179) - Stopping service [Tomcat]
[15:11:37:756] [INFO] - org.springframework.boot.StartupInfoLogger.logStarting(StartupInfoLogger.java:48) - Starting WebApplication on simm with PID 8384 (D:\myworkspace\git\smart-industry\smart-industry-train-web\target\classes started by dell in D:\myworkspace\git\smart-industry)
[15:11:37:757] [INFO] - org.springframework.boot.SpringApplication.logStartupProfileInfo(SpringApplication.java:597) - The following profiles are active: dev
[15:11:42:679] [INFO] - org.apache.juli.logging.DirectJDKLog.log(DirectJDKLog.java:179) - Starting service [Tomcat]
[15:11:42:680] [INFO] - org.apache.juli.logging.DirectJDKLog.log(DirectJDKLog.java:179) - Starting Servlet Engine: Apache Tomcat/8.5.23
[15:11:42:760] [INFO] - org.apache.juli.logging.DirectJDKLog.log(DirectJDKLog.java:179) - Initializing Spring embedded WebApplicationContext
[15:11:44:091] [INFO] - org.apache.juli.logging.DirectJDKLog.log(DirectJDKLog.java:179) - Stopping service [Tomcat]
[15:12:16:549] [INFO] - org.springframework.boot.StartupInfoLogger.logStarting(StartupInfoLogger.java:48) - Starting WebApplication on simm with PID 8384 (D:\myworkspace\git\smart-industry\smart-industry-train-web\target\classes started by dell in D:\myworkspace\git\smart-industry)
[15:12:16:550] [INFO] - org.springframework.boot.SpringApplication.logStartupProfileInfo(SpringApplication.java:597) - The following profiles are active: dev
[15:12:19:595] [INFO] - org.apache.juli.logging.DirectJDKLog.log(DirectJDKLog.java:179) - Starting service [Tomcat]
[15:12:19:596] [INFO] - org.apache.juli.logging.DirectJDKLog.log(DirectJDKLog.java:179) - Starting Servlet Engine: Apache Tomcat/8.5.23
[15:12:19:664] [INFO] - org.apache.juli.logging.DirectJDKLog.log(DirectJDKLog.java:179) - Initializing Spring embedded WebApplicationContext
[15:12:25:358] [INFO] - org.apache.juli.logging.DirectJDKLog.log(DirectJDKLog.java:179) - Initializing ProtocolHandler ["http-nio-8899"]
[15:12:25:359] [INFO] - org.apache.juli.logging.DirectJDKLog.log(DirectJDKLog.java:179) - Starting ProtocolHandler ["http-nio-8899"]
[15:12:25:361] [INFO] - org.apache.juli.logging.DirectJDKLog.log(DirectJDKLog.java:179) - Using a shared selector for servlet write/read
[15:12:25:368] [INFO] - org.apache.juli.logging.DirectJDKLog.log(DirectJDKLog.java:179) - Initializing Spring FrameworkServlet 'dispatcherServlet'
[15:12:25:380] [INFO] - org.springframework.boot.StartupInfoLogger.logStarted(StartupInfoLogger.java:57) - Started WebApplication in 9.047 seconds (JVM running for 577.477)
[15:12:54:594] [INFO] - smart.industry.train.web.controllers.UserController.list(UserController.java:34) - This is an info message
[15:12:55:139] [INFO] - com.alibaba.druid.pool.DruidDataSource.init(DruidDataSource.java:922) - {dataSource-2} inited
[15:18:30:830] [INFO] - com.alibaba.druid.pool.DruidDataSource.close(DruidDataSource.java:1817) - {dataSource-2} closed
[15:18:32:669] [INFO] - org.springframework.boot.StartupInfoLogger.logStarting(StartupInfoLogger.java:48) - Starting WebApplication on simm with PID 8384 (D:\myworkspace\git\smart-industry\smart-industry-train-web\target\classes started by dell in D:\myworkspace\git\smart-industry)
[15:18:32:671] [INFO] - org.springframework.boot.SpringApplication.logStartupProfileInfo(SpringApplication.java:597) - The following profiles are active: dev
[15:18:37:822] [INFO] - org.apache.juli.logging.DirectJDKLog.log(DirectJDKLog.java:179) - Starting service [Tomcat]
[15:18:37:822] [INFO] - org.apache.juli.logging.DirectJDKLog.log(DirectJDKLog.java:179) - Starting Servlet Engine: Apache Tomcat/8.5.23
[15:18:37:883] [INFO] - org.apache.juli.logging.DirectJDKLog.log(DirectJDKLog.java:179) - Initializing Spring embedded WebApplicationContext
[15:18:45:071] [INFO] - org.apache.juli.logging.DirectJDKLog.log(DirectJDKLog.java:179) - Initializing ProtocolHandler ["http-nio-8899"]
[15:18:45:071] [INFO] - org.apache.juli.logging.DirectJDKLog.log(DirectJDKLog.java:179) - Starting ProtocolHandler ["http-nio-8899"]
[15:18:45:074] [INFO] - org.apache.juli.logging.DirectJDKLog.log(DirectJDKLog.java:179) - Using a shared selector for servlet write/read
[15:18:45:081] [INFO] - org.apache.juli.logging.DirectJDKLog.log(DirectJDKLog.java:179) - Initializing Spring FrameworkServlet 'dispatcherServlet'
[15:18:45:095] [INFO] - org.springframework.boot.StartupInfoLogger.logStarted(StartupInfoLogger.java:57) - Started WebApplication in 12.77 seconds (JVM running for 957.191)
[15:18:48:575] [INFO] - smart.industry.train.web.controllers.UserController.list(UserController.java:34) - This is an info message
[15:18:48:846] [INFO] - com.alibaba.druid.pool.DruidDataSource.init(DruidDataSource.java:922) - {dataSource-3} inited
[15:19:42:890] [INFO] - com.alibaba.druid.pool.DruidDataSource.close(DruidDataSource.java:1817) - {dataSource-3} closed
[15:19:44:168] [INFO] - org.springframework.boot.StartupInfoLogger.logStarting(StartupInfoLogger.java:48) - Starting WebApplication on simm with PID 8384 (D:\myworkspace\git\smart-industry\smart-industry-train-web\target\classes started by dell in D:\myworkspace\git\smart-industry)
[15:19:44:170] [INFO] - org.springframework.boot.SpringApplication.logStartupProfileInfo(SpringApplication.java:597) - The following profiles are active: dev
[15:19:49:847] [INFO] - org.apache.juli.logging.DirectJDKLog.log(DirectJDKLog.java:179) - Starting service [Tomcat]
[15:19:49:847] [INFO] - org.apache.juli.logging.DirectJDKLog.log(DirectJDKLog.java:179) - Starting Servlet Engine: Apache Tomcat/8.5.23
[15:19:49:911] [INFO] - org.apache.juli.logging.DirectJDKLog.log(DirectJDKLog.java:179) - Initializing Spring embedded WebApplicationContext
[15:19:56:254] [INFO] - org.apache.juli.logging.DirectJDKLog.log(DirectJDKLog.java:179) - Initializing ProtocolHandler ["http-nio-8899"]
[15:19:56:255] [INFO] - org.apache.juli.logging.DirectJDKLog.log(DirectJDKLog.java:179) - Starting ProtocolHandler ["http-nio-8899"]
[15:19:56:257] [INFO] - org.apache.juli.logging.DirectJDKLog.log(DirectJDKLog.java:179) - Using a shared selector for servlet write/read
[15:19:56:266] [INFO] - org.apache.juli.logging.DirectJDKLog.log(DirectJDKLog.java:179) - Initializing Spring FrameworkServlet 'dispatcherServlet'
[15:19:56:278] [INFO] - org.springframework.boot.StartupInfoLogger.logStarted(StartupInfoLogger.java:57) - Started WebApplication in 12.761 seconds (JVM running for 1028.374)
[15:19:57:474] [INFO] - smart.industry.train.web.controllers.UserController.list(UserController.java:34) - This is an info message
[15:19:57:651] [INFO] - com.alibaba.druid.pool.DruidDataSource.init(DruidDataSource.java:922) - {dataSource-4} inited
[15:25:26:816] [INFO] - org.springframework.boot.StartupInfoLogger.logStarting(StartupInfoLogger.java:48) - Starting WebApplication on simm with PID 10620 (D:\myworkspace\git\smart-industry\smart-industry-train-web\target\classes started by dell in D:\myworkspace\git\smart-industry)
[15:25:26:871] [INFO] - org.springframework.boot.SpringApplication.logStartupProfileInfo(SpringApplication.java:597) - The following profiles are active: dev
[15:25:27:185] [INFO] - org.hibernate.validator.internal.util.Version.<clinit>(Version.java:30) - HV000001: Hibernate Validator 5.3.6.Final
[15:25:33:040] [INFO] - org.apache.juli.logging.DirectJDKLog.log(DirectJDKLog.java:179) - Starting service [Tomcat]
[15:25:33:042] [INFO] - org.apache.juli.logging.DirectJDKLog.log(DirectJDKLog.java:179) - Starting Servlet Engine: Apache Tomcat/8.5.23
[15:25:33:237] [INFO] - org.apache.juli.logging.DirectJDKLog.log(DirectJDKLog.java:179) - Initializing Spring embedded WebApplicationContext
[15:25:44:626] [INFO] - org.apache.juli.logging.DirectJDKLog.log(DirectJDKLog.java:179) - Initializing ProtocolHandler ["http-nio-8899"]
[15:25:44:641] [INFO] - org.apache.juli.logging.DirectJDKLog.log(DirectJDKLog.java:179) - Starting ProtocolHandler ["http-nio-8899"]
[15:25:44:669] [INFO] - org.apache.juli.logging.DirectJDKLog.log(DirectJDKLog.java:179) - Using a shared selector for servlet write/read
[15:25:44:691] [INFO] - org.apache.juli.logging.DirectJDKLog.log(DirectJDKLog.java:179) - Initializing Spring FrameworkServlet 'dispatcherServlet'
[15:25:44:764] [INFO] - org.springframework.boot.StartupInfoLogger.logStarted(StartupInfoLogger.java:57) - Started WebApplication in 20.286 seconds (JVM running for 23.493)
[15:25:57:593] [INFO] - com.alibaba.druid.pool.DruidDataSource.init(DruidDataSource.java:922) - {dataSource-1} inited
[15:25:58:568] [INFO] - smart.industry.train.web.controllers.UserController.list(UserController.java:34) - This is an info message
[15:30:59:063] [INFO] - smart.industry.train.web.controllers.UserController.list(UserController.java:34) - This is an info message
[15:34:29:670] [INFO] - com.alibaba.druid.pool.DruidDataSource.close(DruidDataSource.java:1817) - {dataSource-1} closed
[15:34:30:935] [INFO] - org.springframework.boot.StartupInfoLogger.logStarting(StartupInfoLogger.java:48) - Starting WebApplication on simm with PID 10620 (D:\myworkspace\git\smart-industry\smart-industry-train-web\target\classes started by dell in D:\myworkspace\git\smart-industry)
[15:34:30:936] [INFO] - org.springframework.boot.SpringApplication.logStartupProfileInfo(SpringApplication.java:597) - The following profiles are active: dev
[15:34:35:722] [INFO] - org.apache.juli.logging.DirectJDKLog.log(DirectJDKLog.java:179) - Starting service [Tomcat]
[15:34:35:723] [INFO] - org.apache.juli.logging.DirectJDKLog.log(DirectJDKLog.java:179) - Starting Servlet Engine: Apache Tomcat/8.5.23
[15:34:35:777] [INFO] - org.apache.juli.logging.DirectJDKLog.log(DirectJDKLog.java:179) - Initializing Spring embedded WebApplicationContext
[15:34:41:143] [INFO] - org.apache.juli.logging.DirectJDKLog.log(DirectJDKLog.java:179) - Initializing ProtocolHandler ["http-nio-8899"]
[15:34:41:144] [INFO] - org.apache.juli.logging.DirectJDKLog.log(DirectJDKLog.java:179) - Starting ProtocolHandler ["http-nio-8899"]
[15:34:41:149] [INFO] - org.apache.juli.logging.DirectJDKLog.log(DirectJDKLog.java:179) - Using a shared selector for servlet write/read
[15:34:41:162] [INFO] - org.apache.juli.logging.DirectJDKLog.log(DirectJDKLog.java:179) - Initializing Spring FrameworkServlet 'dispatcherServlet'
[15:34:41:184] [INFO] - org.springframework.boot.StartupInfoLogger.logStarted(StartupInfoLogger.java:57) - Started WebApplication in 10.681 seconds (JVM running for 559.914)
[15:34:47:512] [INFO] - smart.industry.train.web.controllers.UserController.list(UserController.java:34) - This is an info message
[15:34:47:874] [INFO] - com.alibaba.druid.pool.DruidDataSource.init(DruidDataSource.java:922) - {dataSource-2} inited
[15:36:44:120] [INFO] - org.springframework.boot.StartupInfoLogger.logStarting(StartupInfoLogger.java:48) - Starting WebApplication on simm with PID 13344 (D:\myworkspace\git\smart-industry\smart-industry-train-web\target\classes started by dell in D:\myworkspace\git\smart-industry)
[15:36:44:219] [INFO] - org.springframework.boot.SpringApplication.logStartupProfileInfo(SpringApplication.java:597) - The following profiles are active: dev
[15:36:44:547] [INFO] - org.hibernate.validator.internal.util.Version.<clinit>(Version.java:30) - HV000001: Hibernate Validator 5.3.6.Final
[15:36:50:591] [INFO] - org.apache.juli.logging.DirectJDKLog.log(DirectJDKLog.java:179) - Starting service [Tomcat]
[15:36:50:593] [INFO] - org.apache.juli.logging.DirectJDKLog.log(DirectJDKLog.java:179) - Starting Servlet Engine: Apache Tomcat/8.5.23
[15:36:50:793] [INFO] - org.apache.juli.logging.DirectJDKLog.log(DirectJDKLog.java:179) - Initializing Spring embedded WebApplicationContext
[15:36:59:274] [INFO] - org.apache.juli.logging.DirectJDKLog.log(DirectJDKLog.java:179) - Initializing ProtocolHandler ["http-nio-8899"]
[15:36:59:290] [INFO] - org.apache.juli.logging.DirectJDKLog.log(DirectJDKLog.java:179) - Starting ProtocolHandler ["http-nio-8899"]
[15:36:59:325] [INFO] - org.apache.juli.logging.DirectJDKLog.log(DirectJDKLog.java:179) - Using a shared selector for servlet write/read
[15:36:59:351] [INFO] - org.apache.juli.logging.DirectJDKLog.log(DirectJDKLog.java:179) - Initializing Spring FrameworkServlet 'dispatcherServlet'
[15:36:59:458] [INFO] - org.springframework.boot.StartupInfoLogger.logStarted(StartupInfoLogger.java:57) - Started WebApplication in 17.073 seconds (JVM running for 20.835)
[15:37:12:490] [INFO] - com.alibaba.druid.pool.DruidDataSource.init(DruidDataSource.java:922) - {dataSource-1} inited
[15:42:39:004] [INFO] - com.alibaba.druid.pool.DruidDataSource.close(DruidDataSource.java:1817) - {dataSource-1} closed
[15:42:40:287] [INFO] - org.springframework.boot.StartupInfoLogger.logStarting(StartupInfoLogger.java:48) - Starting WebApplication on simm with PID 13344 (D:\myworkspace\git\smart-industry\smart-industry-train-web\target\classes started by dell in D:\myworkspace\git\smart-industry)
[15:42:40:287] [INFO] - org.springframework.boot.SpringApplication.logStartupProfileInfo(SpringApplication.java:597) - The following profiles are active: dev
[15:42:45:692] [INFO] - org.apache.juli.logging.DirectJDKLog.log(DirectJDKLog.java:179) - Starting service [Tomcat]
[15:42:45:693] [INFO] - org.apache.juli.logging.DirectJDKLog.log(DirectJDKLog.java:179) - Starting Servlet Engine: Apache Tomcat/8.5.23
[15:42:45:837] [INFO] - org.apache.juli.logging.DirectJDKLog.log(DirectJDKLog.java:179) - Initializing Spring embedded WebApplicationContext
[15:42:53:074] [INFO] - org.apache.juli.logging.DirectJDKLog.log(DirectJDKLog.java:179) - Initializing ProtocolHandler ["http-nio-8899"]
[15:42:53:075] [INFO] - org.apache.juli.logging.DirectJDKLog.log(DirectJDKLog.java:179) - Starting ProtocolHandler ["http-nio-8899"]
[15:42:53:079] [INFO] - org.apache.juli.logging.DirectJDKLog.log(DirectJDKLog.java:179) - Using a shared selector for servlet write/read
[15:42:53:088] [INFO] - org.apache.juli.logging.DirectJDKLog.log(DirectJDKLog.java:179) - Initializing Spring FrameworkServlet 'dispatcherServlet'
[15:42:53:107] [INFO] - org.springframework.boot.StartupInfoLogger.logStarted(StartupInfoLogger.java:57) - Started WebApplication in 13.33 seconds (JVM running for 374.483)
[15:43:07:311] [INFO] - smart.industry.train.web.controllers.UserController.list(UserController.java:34) - This is an info message
[15:43:07:643] [INFO] - com.alibaba.druid.pool.DruidDataSource.init(DruidDataSource.java:922) - {dataSource-2} inited
[15:50:26:224] [INFO] - com.alibaba.druid.pool.DruidDataSource.close(DruidDataSource.java:1817) - {dataSource-2} closed
[15:50:27:431] [INFO] - org.springframework.boot.StartupInfoLogger.logStarting(StartupInfoLogger.java:48) - Starting WebApplication on simm with PID 13344 (D:\myworkspace\git\smart-industry\smart-industry-train-web\target\classes started by dell in D:\myworkspace\git\smart-industry)
[15:50:27:431] [INFO] - org.springframework.boot.SpringApplication.logStartupProfileInfo(SpringApplication.java:597) - The following profiles are active: dev
[15:50:31:775] [INFO] - org.apache.juli.logging.DirectJDKLog.log(DirectJDKLog.java:179) - Starting service [Tomcat]
[15:50:31:775] [INFO] - org.apache.juli.logging.DirectJDKLog.log(DirectJDKLog.java:179) - Starting Servlet Engine: Apache Tomcat/8.5.23
[15:50:31:854] [INFO] - org.apache.juli.logging.DirectJDKLog.log(DirectJDKLog.java:179) - Initializing Spring embedded WebApplicationContext
[15:50:37:598] [INFO] - org.apache.juli.logging.DirectJDKLog.log(DirectJDKLog.java:179) - Initializing ProtocolHandler ["http-nio-8899"]
[15:50:37:598] [INFO] - org.apache.juli.logging.DirectJDKLog.log(DirectJDKLog.java:179) - Starting ProtocolHandler ["http-nio-8899"]
[15:50:37:601] [INFO] - org.apache.juli.logging.DirectJDKLog.log(DirectJDKLog.java:179) - Using a shared selector for servlet write/read
[15:50:37:612] [INFO] - org.apache.juli.logging.DirectJDKLog.log(DirectJDKLog.java:179) - Initializing Spring FrameworkServlet 'dispatcherServlet'
[15:50:37:625] [INFO] - org.springframework.boot.StartupInfoLogger.logStarted(StartupInfoLogger.java:57) - Started WebApplication in 10.465 seconds (JVM running for 839.001)
[15:50:38:480] [INFO] - smart.industry.train.web.controllers.UserController.list(UserController.java:34) - This is an info message
[15:50:38:625] [INFO] - com.alibaba.druid.pool.DruidDataSource.init(DruidDataSource.java:922) - {dataSource-3} inited
[15:51:53:960] [INFO] - com.alibaba.druid.pool.DruidDataSource.close(DruidDataSource.java:1817) - {dataSource-3} closed
[15:51:55:615] [INFO] - org.springframework.boot.StartupInfoLogger.logStarting(StartupInfoLogger.java:48) - Starting WebApplication on simm with PID 13344 (D:\myworkspace\git\smart-industry\smart-industry-train-web\target\classes started by dell in D:\myworkspace\git\smart-industry)
[15:51:55:616] [INFO] - org.springframework.boot.SpringApplication.logStartupProfileInfo(SpringApplication.java:597) - The following profiles are active: dev
[15:52:00:632] [INFO] - org.apache.juli.logging.DirectJDKLog.log(DirectJDKLog.java:179) - Starting service [Tomcat]
[15:52:00:632] [INFO] - org.apache.juli.logging.DirectJDKLog.log(DirectJDKLog.java:179) - Starting Servlet Engine: Apache Tomcat/8.5.23
[15:52:00:696] [INFO] - org.apache.juli.logging.DirectJDKLog.log(DirectJDKLog.java:179) - Initializing Spring embedded WebApplicationContext
[15:52:09:858] [INFO] - org.apache.juli.logging.DirectJDKLog.log(DirectJDKLog.java:179) - Initializing ProtocolHandler ["http-nio-8899"]
[15:52:09:858] [INFO] - org.apache.juli.logging.DirectJDKLog.log(DirectJDKLog.java:179) - Starting ProtocolHandler ["http-nio-8899"]
[15:52:09:860] [INFO] - org.apache.juli.logging.DirectJDKLog.log(DirectJDKLog.java:179) - Using a shared selector for servlet write/read
[15:52:09:867] [INFO] - org.apache.juli.logging.DirectJDKLog.log(DirectJDKLog.java:179) - Initializing Spring FrameworkServlet 'dispatcherServlet'
[15:52:09:882] [INFO] - org.springframework.boot.StartupInfoLogger.logStarted(StartupInfoLogger.java:57) - Started WebApplication in 14.893 seconds (JVM running for 931.258)
[15:52:13:495] [INFO] - com.alibaba.druid.pool.DruidDataSource.init(DruidDataSource.java:922) - {dataSource-4} inited
[15:52:30:501] [INFO] - smart.industry.train.web.controllers.UserController.list(UserController.java:34) - This is an info message
[15:56:08:941] [INFO] - com.alibaba.druid.pool.DruidDataSource.close(DruidDataSource.java:1817) - {dataSource-4} closed
[15:56:10:035] [INFO] - org.springframework.boot.StartupInfoLogger.logStarting(StartupInfoLogger.java:48) - Starting WebApplication on simm with PID 13344 (D:\myworkspace\git\smart-industry\smart-industry-train-web\target\classes started by dell in D:\myworkspace\git\smart-industry)
[15:56:10:036] [INFO] - org.springframework.boot.SpringApplication.logStartupProfileInfo(SpringApplication.java:597) - The following profiles are active: dev
[15:56:14:804] [INFO] - org.apache.juli.logging.DirectJDKLog.log(DirectJDKLog.java:179) - Starting service [Tomcat]
[15:56:14:805] [INFO] - org.apache.juli.logging.DirectJDKLog.log(DirectJDKLog.java:179) - Starting Servlet Engine: Apache Tomcat/8.5.23
[15:56:14:880] [INFO] - org.apache.juli.logging.DirectJDKLog.log(DirectJDKLog.java:179) - Initializing Spring embedded WebApplicationContext
[15:56:20:947] [INFO] - org.apache.juli.logging.DirectJDKLog.log(DirectJDKLog.java:179) - Initializing ProtocolHandler ["http-nio-8899"]
[15:56:20:947] [INFO] - org.apache.juli.logging.DirectJDKLog.log(DirectJDKLog.java:179) - Starting ProtocolHandler ["http-nio-8899"]
[15:56:20:949] [INFO] - org.apache.juli.logging.DirectJDKLog.log(DirectJDKLog.java:179) - Using a shared selector for servlet write/read
[15:56:20:956] [INFO] - org.apache.juli.logging.DirectJDKLog.log(DirectJDKLog.java:179) - Initializing Spring FrameworkServlet 'dispatcherServlet'
[15:56:20:969] [INFO] - org.springframework.boot.StartupInfoLogger.logStarted(StartupInfoLogger.java:57) - Started WebApplication in 11.251 seconds (JVM running for 1182.345)
[15:56:30:879] [INFO] - com.alibaba.druid.pool.DruidDataSource.init(DruidDataSource.java:922) - {dataSource-5} inited
[15:58:51:071] [INFO] - com.alibaba.druid.pool.DruidDataSource.close(DruidDataSource.java:1817) - {dataSource-5} closed
[15:58:52:699] [INFO] - org.springframework.boot.StartupInfoLogger.logStarting(StartupInfoLogger.java:48) - Starting WebApplication on simm with PID 13344 (D:\myworkspace\git\smart-industry\smart-industry-train-web\target\classes started by dell in D:\myworkspace\git\smart-industry)
[15:58:52:699] [INFO] - org.springframework.boot.SpringApplication.logStartupProfileInfo(SpringApplication.java:597) - The following profiles are active: dev
[15:58:57:183] [INFO] - org.apache.juli.logging.DirectJDKLog.log(DirectJDKLog.java:179) - Starting service [Tomcat]
[15:58:57:183] [INFO] - org.apache.juli.logging.DirectJDKLog.log(DirectJDKLog.java:179) - Starting Servlet Engine: Apache Tomcat/8.5.23
[15:58:57:252] [INFO] - org.apache.juli.logging.DirectJDKLog.log(DirectJDKLog.java:179) - Initializing Spring embedded WebApplicationContext
[15:59:03:563] [INFO] - org.apache.juli.logging.DirectJDKLog.log(DirectJDKLog.java:179) - Initializing ProtocolHandler ["http-nio-8899"]
[15:59:03:563] [INFO] - org.apache.juli.logging.DirectJDKLog.log(DirectJDKLog.java:179) - Starting ProtocolHandler ["http-nio-8899"]
[15:59:03:566] [INFO] - org.apache.juli.logging.DirectJDKLog.log(DirectJDKLog.java:179) - Using a shared selector for servlet write/read
[15:59:03:575] [INFO] - org.apache.juli.logging.DirectJDKLog.log(DirectJDKLog.java:179) - Initializing Spring FrameworkServlet 'dispatcherServlet'
[15:59:03:591] [INFO] - org.springframework.boot.StartupInfoLogger.logStarted(StartupInfoLogger.java:57) - Started WebApplication in 11.4 seconds (JVM running for 1344.967)
[16:00:17:538] [INFO] - smart.industry.train.web.controllers.UserController.list(UserController.java:34) - This is an info message
[16:00:17:995] [INFO] - com.alibaba.druid.pool.DruidDataSource.init(DruidDataSource.java:922) - {dataSource-6} inited
[16:00:18:434] [INFO] - com.alibaba.druid.pool.DruidDataSource.close(DruidDataSource.java:1817) - {dataSource-6} closed
[16:00:19:688] [INFO] - org.springframework.boot.StartupInfoLogger.logStarting(StartupInfoLogger.java:48) - Starting WebApplication on simm with PID 13344 (D:\myworkspace\git\smart-industry\smart-industry-train-web\target\classes started by dell in D:\myworkspace\git\smart-industry)
[16:00:19:689] [INFO] - org.springframework.boot.SpringApplication.logStartupProfileInfo(SpringApplication.java:597) - The following profiles are active: dev
[16:00:24:343] [INFO] - org.apache.juli.logging.DirectJDKLog.log(DirectJDKLog.java:179) - Starting service [Tomcat]
[16:00:24:343] [INFO] - org.apache.juli.logging.DirectJDKLog.log(DirectJDKLog.java:179) - Starting Servlet Engine: Apache Tomcat/8.5.23
[16:00:24:504] [INFO] - org.apache.juli.logging.DirectJDKLog.log(DirectJDKLog.java:179) - Initializing Spring embedded WebApplicationContext
[16:00:31:024] [INFO] - org.apache.juli.logging.DirectJDKLog.log(DirectJDKLog.java:179) - Initializing ProtocolHandler ["http-nio-8899"]
[16:00:31:024] [INFO] - org.apache.juli.logging.DirectJDKLog.log(DirectJDKLog.java:179) - Starting ProtocolHandler ["http-nio-8899"]
[16:00:31:027] [INFO] - org.apache.juli.logging.DirectJDKLog.log(DirectJDKLog.java:179) - Using a shared selector for servlet write/read
[16:00:31:035] [INFO] - org.apache.juli.logging.DirectJDKLog.log(DirectJDKLog.java:179) - Initializing Spring FrameworkServlet 'dispatcherServlet'
[16:00:31:050] [INFO] - org.springframework.boot.StartupInfoLogger.logStarted(StartupInfoLogger.java:57) - Started WebApplication in 11.712 seconds (JVM running for 1432.427)
[16:00:31:733] [INFO] - com.alibaba.druid.pool.DruidDataSource.init(DruidDataSource.java:922) - {dataSource-7} inited
[16:00:57:670] [INFO] - smart.industry.train.web.controllers.UserController.list(UserController.java:34) - This is an info message
[16:14:39:951] [INFO] - org.springframework.boot.StartupInfoLogger.logStarting(StartupInfoLogger.java:48) - Starting WebApplication on simm with PID 12384 (D:\myworkspace\git\smart-industry\smart-industry-train-web\target\classes started by dell in D:\myworkspace\git\smart-industry)
[16:14:40:030] [INFO] - org.springframework.boot.SpringApplication.logStartupProfileInfo(SpringApplication.java:597) - The following profiles are active: dev
[16:14:40:346] [INFO] - org.hibernate.validator.internal.util.Version.<clinit>(Version.java:30) - HV000001: Hibernate Validator 5.3.6.Final
[16:14:46:637] [INFO] - org.apache.juli.logging.DirectJDKLog.log(DirectJDKLog.java:179) - Starting service [Tomcat]
[16:14:46:640] [INFO] - org.apache.juli.logging.DirectJDKLog.log(DirectJDKLog.java:179) - Starting Servlet Engine: Apache Tomcat/8.5.23
[16:14:46:904] [INFO] - org.apache.juli.logging.DirectJDKLog.log(DirectJDKLog.java:179) - Initializing Spring embedded WebApplicationContext
[16:14:57:019] [INFO] - org.apache.juli.logging.DirectJDKLog.log(DirectJDKLog.java:179) - Initializing ProtocolHandler ["http-nio-8899"]
[16:14:57:034] [INFO] - org.apache.juli.logging.DirectJDKLog.log(DirectJDKLog.java:179) - Starting ProtocolHandler ["http-nio-8899"]
[16:14:57:058] [INFO] - org.apache.juli.logging.DirectJDKLog.log(DirectJDKLog.java:179) - Using a shared selector for servlet write/read
[16:14:57:081] [INFO] - org.apache.juli.logging.DirectJDKLog.log(DirectJDKLog.java:179) - Initializing Spring FrameworkServlet 'dispatcherServlet'
[16:14:57:149] [INFO] - org.springframework.boot.StartupInfoLogger.logStarted(StartupInfoLogger.java:57) - Started WebApplication in 19.014 seconds (JVM running for 22.946)
[16:15:05:420] [INFO] - com.alibaba.druid.pool.DruidDataSource.init(DruidDataSource.java:922) - {dataSource-1} inited
[16:15:06:686] [INFO] - smart.industry.train.web.controllers.UserController.list(UserController.java:34) - This is an info message
[16:33:14:987] [INFO] - smart.industry.train.web.controllers.UserController.list(UserController.java:34) - This is an info message
[16:36:37:816] [INFO] - com.alibaba.druid.pool.DruidDataSource.close(DruidDataSource.java:1817) - {dataSource-1} closed
[16:36:38:849] [INFO] - org.springframework.boot.StartupInfoLogger.logStarting(StartupInfoLogger.java:48) - Starting WebApplication on simm with PID 12384 (D:\myworkspace\git\smart-industry\smart-industry-train-web\target\classes started by dell in D:\myworkspace\git\smart-industry)
[16:36:38:850] [INFO] - org.springframework.boot.SpringApplication.logStartupProfileInfo(SpringApplication.java:597) - The following profiles are active: dev
[16:36:43:574] [INFO] - org.apache.juli.logging.DirectJDKLog.log(DirectJDKLog.java:179) - Starting service [Tomcat]
[16:36:43:574] [INFO] - org.apache.juli.logging.DirectJDKLog.log(DirectJDKLog.java:179) - Starting Servlet Engine: Apache Tomcat/8.5.23
[16:36:43:660] [INFO] - org.apache.juli.logging.DirectJDKLog.log(DirectJDKLog.java:179) - Initializing Spring embedded WebApplicationContext
[16:36:45:033] [INFO] - org.apache.juli.logging.DirectJDKLog.log(DirectJDKLog.java:179) - Stopping service [Tomcat]
[16:51:33:255] [INFO] - org.springframework.boot.StartupInfoLogger.logStarting(StartupInfoLogger.java:48) - Starting WebApplication on simm with PID 12384 (D:\myworkspace\git\smart-industry\smart-industry-train-web\target\classes started by dell in D:\myworkspace\git\smart-industry)
[16:51:33:255] [INFO] - org.springframework.boot.SpringApplication.logStartupProfileInfo(SpringApplication.java:597) - The following profiles are active: dev
[16:51:39:843] [INFO] - org.apache.juli.logging.DirectJDKLog.log(DirectJDKLog.java:179) - Starting service [Tomcat]
[16:51:39:843] [INFO] - org.apache.juli.logging.DirectJDKLog.log(DirectJDKLog.java:179) - Starting Servlet Engine: Apache Tomcat/8.5.23
[16:51:39:940] [INFO] - org.apache.juli.logging.DirectJDKLog.log(DirectJDKLog.java:179) - Initializing Spring embedded WebApplicationContext
[16:51:47:207] [INFO] - org.apache.juli.logging.DirectJDKLog.log(DirectJDKLog.java:179) - Initializing ProtocolHandler ["http-nio-8899"]
[16:51:47:208] [INFO] - org.apache.juli.logging.DirectJDKLog.log(DirectJDKLog.java:179) - Starting ProtocolHandler ["http-nio-8899"]
[16:51:47:212] [INFO] - org.apache.juli.logging.DirectJDKLog.log(DirectJDKLog.java:179) - Using a shared selector for servlet write/read
[16:51:47:218] [INFO] - org.apache.juli.logging.DirectJDKLog.log(DirectJDKLog.java:179) - Initializing Spring FrameworkServlet 'dispatcherServlet'
[16:51:47:230] [INFO] - org.springframework.boot.StartupInfoLogger.logStarted(StartupInfoLogger.java:57) - Started WebApplication in 14.339 seconds (JVM running for 2233.027)
[16:52:10:017] [INFO] - org.springframework.boot.StartupInfoLogger.logStarting(StartupInfoLogger.java:48) - Starting WebApplication on simm with PID 11040 (D:\myworkspace\git\smart-industry\smart-industry-train-web\target\classes started by dell in D:\myworkspace\git\smart-industry)
[16:52:10:030] [INFO] - org.springframework.boot.SpringApplication.logStartupProfileInfo(SpringApplication.java:597) - The following profiles are active: dev
[16:52:10:337] [INFO] - org.hibernate.validator.internal.util.Version.<clinit>(Version.java:30) - HV000001: Hibernate Validator 5.3.6.Final
[16:52:17:564] [INFO] - org.apache.juli.logging.DirectJDKLog.log(DirectJDKLog.java:179) - Starting service [Tomcat]
[16:52:17:566] [INFO] - org.apache.juli.logging.DirectJDKLog.log(DirectJDKLog.java:179) - Starting Servlet Engine: Apache Tomcat/8.5.23
[16:52:17:752] [INFO] - org.apache.juli.logging.DirectJDKLog.log(DirectJDKLog.java:179) - Initializing Spring embedded WebApplicationContext
[16:52:25:659] [INFO] - org.apache.juli.logging.DirectJDKLog.log(DirectJDKLog.java:179) - Initializing ProtocolHandler ["http-nio-8899"]
[16:52:25:692] [INFO] - org.apache.juli.logging.DirectJDKLog.log(DirectJDKLog.java:179) - Starting ProtocolHandler ["http-nio-8899"]
[16:52:25:751] [INFO] - org.apache.juli.logging.DirectJDKLog.log(DirectJDKLog.java:179) - Using a shared selector for servlet write/read
[16:52:25:789] [INFO] - org.apache.juli.logging.DirectJDKLog.log(DirectJDKLog.java:179) - Initializing Spring FrameworkServlet 'dispatcherServlet'
[16:52:25:945] [INFO] - org.springframework.boot.StartupInfoLogger.logStarted(StartupInfoLogger.java:57) - Started WebApplication in 18.128 seconds (JVM running for 22.243)
[16:52:35:152] [INFO] - com.alibaba.druid.pool.DruidDataSource.init(DruidDataSource.java:922) - {dataSource-1} inited
[16:53:52:825] [INFO] - smart.industry.train.web.controllers.UserController.list(UserController.java:34) - This is an info message
[16:56:50:245] [INFO] - smart.industry.train.web.controllers.UserController.list(UserController.java:34) - This is an info message
[16:59:47:808] [INFO] - com.alibaba.druid.pool.DruidDataSource.close(DruidDataSource.java:1817) - {dataSource-1} closed
[16:59:48:852] [INFO] - org.springframework.boot.StartupInfoLogger.logStarting(StartupInfoLogger.java:48) - Starting WebApplication on simm with PID 11040 (D:\myworkspace\git\smart-industry\smart-industry-train-web\target\classes started by dell in D:\myworkspace\git\smart-industry)
[16:59:48:853] [INFO] - org.springframework.boot.SpringApplication.logStartupProfileInfo(SpringApplication.java:597) - The following profiles are active: dev
[16:59:52:694] [INFO] - org.apache.juli.logging.DirectJDKLog.log(DirectJDKLog.java:179) - Starting service [Tomcat]
[16:59:52:695] [INFO] - org.apache.juli.logging.DirectJDKLog.log(DirectJDKLog.java:179) - Starting Servlet Engine: Apache Tomcat/8.5.23
[16:59:52:749] [INFO] - org.apache.juli.logging.DirectJDKLog.log(DirectJDKLog.java:179) - Initializing Spring embedded WebApplicationContext
[16:59:53:869] [INFO] - org.apache.juli.logging.DirectJDKLog.log(DirectJDKLog.java:179) - Stopping service [Tomcat]
[17:01:48:472] [INFO] - org.springframework.boot.StartupInfoLogger.logStarting(StartupInfoLogger.java:48) - Starting WebApplication on simm with PID 11040 (D:\myworkspace\git\smart-industry\smart-industry-train-web\target\classes started by dell in D:\myworkspace\git\smart-industry)
[17:01:48:473] [INFO] - org.springframework.boot.SpringApplication.logStartupProfileInfo(SpringApplication.java:597) - The following profiles are active: dev
[17:01:52:728] [INFO] - org.apache.juli.logging.DirectJDKLog.log(DirectJDKLog.java:179) - Starting service [Tomcat]
[17:01:52:729] [INFO] - org.apache.juli.logging.DirectJDKLog.log(DirectJDKLog.java:179) - Starting Servlet Engine: Apache Tomcat/8.5.23
[17:01:52:814] [INFO] - org.apache.juli.logging.DirectJDKLog.log(DirectJDKLog.java:179) - Initializing Spring embedded WebApplicationContext
[17:01:53:907] [INFO] - org.apache.juli.logging.DirectJDKLog.log(DirectJDKLog.java:179) - Stopping service [Tomcat]
[17:02:36:532] [INFO] - org.springframework.boot.StartupInfoLogger.logStarting(StartupInfoLogger.java:48) - Starting WebApplication on simm with PID 11040 (D:\myworkspace\git\smart-industry\smart-industry-train-web\target\classes started by dell in D:\myworkspace\git\smart-industry)
[17:02:36:533] [INFO] - org.springframework.boot.SpringApplication.logStartupProfileInfo(SpringApplication.java:597) - The following profiles are active: dev
[17:04:59:655] [INFO] - org.springframework.boot.StartupInfoLogger.logStarting(StartupInfoLogger.java:48) - Starting WebApplication on simm with PID 11040 (D:\myworkspace\git\smart-industry\smart-industry-train-web\target\classes started by dell in D:\myworkspace\git\smart-industry)
[17:04:59:655] [INFO] - org.springframework.boot.SpringApplication.logStartupProfileInfo(SpringApplication.java:597) - The following profiles are active: dev
[17:05:04:922] [INFO] - org.apache.juli.logging.DirectJDKLog.log(DirectJDKLog.java:179) - Starting service [Tomcat]
[17:05:04:922] [INFO] - org.apache.juli.logging.DirectJDKLog.log(DirectJDKLog.java:179) - Starting Servlet Engine: Apache Tomcat/8.5.23
[17:05:05:012] [INFO] - org.apache.juli.logging.DirectJDKLog.log(DirectJDKLog.java:179) - Initializing Spring embedded WebApplicationContext
[17:05:07:992] [INFO] - org.apache.juli.logging.DirectJDKLog.log(DirectJDKLog.java:179) - Stopping service [Tomcat]
[17:05:32:694] [INFO] - org.springframework.boot.StartupInfoLogger.logStarting(StartupInfoLogger.java:48) - Starting WebApplication on simm with PID 5204 (D:\myworkspace\git\smart-industry\smart-industry-train-web\target\classes started by dell in D:\myworkspace\git\smart-industry)
[17:05:32:786] [INFO] - org.springframework.boot.SpringApplication.logStartupProfileInfo(SpringApplication.java:597) - The following profiles are active: dev
[17:05:33:111] [INFO] - org.hibernate.validator.internal.util.Version.<clinit>(Version.java:30) - HV000001: Hibernate Validator 5.3.6.Final
[17:05:39:248] [INFO] - org.apache.juli.logging.DirectJDKLog.log(DirectJDKLog.java:179) - Starting service [Tomcat]
[17:05:39:251] [INFO] - org.apache.juli.logging.DirectJDKLog.log(DirectJDKLog.java:179) - Starting Servlet Engine: Apache Tomcat/8.5.23
[17:05:39:448] [INFO] - org.apache.juli.logging.DirectJDKLog.log(DirectJDKLog.java:179) - Initializing Spring embedded WebApplicationContext
[17:05:47:373] [INFO] - org.apache.juli.logging.DirectJDKLog.log(DirectJDKLog.java:179) - Initializing ProtocolHandler ["http-nio-8899"]
[17:05:47:388] [INFO] - org.apache.juli.logging.DirectJDKLog.log(DirectJDKLog.java:179) - Starting ProtocolHandler ["http-nio-8899"]
[17:05:47:415] [INFO] - org.apache.juli.logging.DirectJDKLog.log(DirectJDKLog.java:179) - Using a shared selector for servlet write/read
[17:05:47:443] [INFO] - org.apache.juli.logging.DirectJDKLog.log(DirectJDKLog.java:179) - Initializing Spring FrameworkServlet 'dispatcherServlet'
[17:05:47:517] [INFO] - org.springframework.boot.StartupInfoLogger.logStarted(StartupInfoLogger.java:57) - Started WebApplication in 16.36 seconds (JVM running for 19.999)
[17:05:52:398] [INFO] - com.alibaba.druid.pool.DruidDataSource.init(DruidDataSource.java:922) - {dataSource-1} inited
[17:09:17:683] [INFO] - smart.industry.train.web.controllers.UserController.list(UserController.java:34) - This is an info message
[17:09:17:899] [INFO] - com.alibaba.druid.pool.DruidDataSource.close(DruidDataSource.java:1817) - {dataSource-1} closed
[17:09:19:381] [INFO] - org.springframework.boot.StartupInfoLogger.logStarting(StartupInfoLogger.java:48) - Starting WebApplication on simm with PID 5204 (D:\myworkspace\git\smart-industry\smart-industry-train-web\target\classes started by dell in D:\myworkspace\git\smart-industry)
[17:09:19:381] [INFO] - org.springframework.boot.SpringApplication.logStartupProfileInfo(SpringApplication.java:597) - The following profiles are active: dev
[17:09:22:262] [INFO] - org.apache.juli.logging.DirectJDKLog.log(DirectJDKLog.java:179) - Starting service [Tomcat]
[17:09:22:263] [INFO] - org.apache.juli.logging.DirectJDKLog.log(DirectJDKLog.java:179) - Starting Servlet Engine: Apache Tomcat/8.5.23
[17:09:22:323] [INFO] - org.apache.juli.logging.DirectJDKLog.log(DirectJDKLog.java:179) - Initializing Spring embedded WebApplicationContext
[17:09:28:226] [INFO] - org.apache.juli.logging.DirectJDKLog.log(DirectJDKLog.java:179) - Initializing ProtocolHandler ["http-nio-8899"]
[17:09:28:226] [INFO] - org.apache.juli.logging.DirectJDKLog.log(DirectJDKLog.java:179) - Starting ProtocolHandler ["http-nio-8899"]
[17:09:28:229] [INFO] - org.apache.juli.logging.DirectJDKLog.log(DirectJDKLog.java:179) - Using a shared selector for servlet write/read
[17:09:28:236] [INFO] - org.apache.juli.logging.DirectJDKLog.log(DirectJDKLog.java:179) - Initializing Spring FrameworkServlet 'dispatcherServlet'
[17:09:28:252] [INFO] - org.springframework.boot.StartupInfoLogger.logStarted(StartupInfoLogger.java:57) - Started WebApplication in 9.436 seconds (JVM running for 240.734)
[17:09:38:085] [INFO] - com.alibaba.druid.pool.DruidDataSource.init(DruidDataSource.java:922) - {dataSource-2} inited
[17:13:22:050] [INFO] - smart.industry.train.web.controllers.UserController.list(UserController.java:34) - This is an info message
[17:19:39:289] [INFO] - smart.industry.train.web.controllers.UserController.list(UserController.java:34) - This is an info message
[17:20:44:776] [INFO] - org.springframework.boot.StartupInfoLogger.logStarting(StartupInfoLogger.java:48) - Starting WebApplication on simm with PID 14748 (D:\myworkspace\git\smart-industry\smart-industry-train-web\target\classes started by dell in D:\myworkspace\git\smart-industry)
[17:20:44:785] [INFO] - org.springframework.boot.SpringApplication.logStartupProfileInfo(SpringApplication.java:597) - The following profiles are active: dev
[17:20:45:164] [INFO] - org.hibernate.validator.internal.util.Version.<clinit>(Version.java:30) - HV000001: Hibernate Validator 5.3.6.Final
[17:20:51:574] [INFO] - org.apache.juli.logging.DirectJDKLog.log(DirectJDKLog.java:179) - Starting service [Tomcat]
[17:20:51:577] [INFO] - org.apache.juli.logging.DirectJDKLog.log(DirectJDKLog.java:179) - Starting Servlet Engine: Apache Tomcat/8.5.23
[17:20:51:806] [INFO] - org.apache.juli.logging.DirectJDKLog.log(DirectJDKLog.java:179) - Initializing Spring embedded WebApplicationContext
[17:21:01:359] [INFO] - org.apache.juli.logging.DirectJDKLog.log(DirectJDKLog.java:179) - Initializing ProtocolHandler ["http-nio-8899"]
[17:21:01:376] [INFO] - org.apache.juli.logging.DirectJDKLog.log(DirectJDKLog.java:179) - Starting ProtocolHandler ["http-nio-8899"]
[17:21:01:410] [INFO] - org.apache.juli.logging.DirectJDKLog.log(DirectJDKLog.java:179) - Using a shared selector for servlet write/read
[17:21:01:438] [INFO] - org.apache.juli.logging.DirectJDKLog.log(DirectJDKLog.java:179) - Initializing Spring FrameworkServlet 'dispatcherServlet'
[17:21:01:518] [INFO] - org.springframework.boot.StartupInfoLogger.logStarted(StartupInfoLogger.java:57) - Started WebApplication in 18.725 seconds (JVM running for 22.049)
[17:21:13:203] [INFO] - com.alibaba.druid.pool.DruidDataSource.init(DruidDataSource.java:922) - {dataSource-1} inited
[17:21:14:076] [INFO] - smart.industry.train.web.controllers.UserController.list(UserController.java:34) - This is an info message
[19:31:53:471] [INFO] - org.springframework.boot.StartupInfoLogger.logStarting(StartupInfoLogger.java:48) - Starting WebApplication on simm with PID 17644 (D:\myworkspace\git\smart-industry\smart-industry-train-web\target\classes started by dell in D:\myworkspace\git\smart-industry)
[19:31:53:598] [INFO] - org.springframework.boot.SpringApplication.logStartupProfileInfo(SpringApplication.java:597) - The following profiles are active: dev
[19:31:53:979] [INFO] - org.hibernate.validator.internal.util.Version.<clinit>(Version.java:30) - HV000001: Hibernate Validator 5.3.6.Final
[19:31:59:588] [INFO] - org.apache.juli.logging.DirectJDKLog.log(DirectJDKLog.java:179) - Starting service [Tomcat]
[19:31:59:590] [INFO] - org.apache.juli.logging.DirectJDKLog.log(DirectJDKLog.java:179) - Starting Servlet Engine: Apache Tomcat/8.5.23
[19:31:59:791] [INFO] - org.apache.juli.logging.DirectJDKLog.log(DirectJDKLog.java:179) - Initializing Spring embedded WebApplicationContext
[19:32:09:205] [INFO] - org.apache.juli.logging.DirectJDKLog.log(DirectJDKLog.java:179) - Initializing ProtocolHandler ["http-nio-8899"]
[19:32:09:231] [INFO] - org.apache.juli.logging.DirectJDKLog.log(DirectJDKLog.java:179) - Starting ProtocolHandler ["http-nio-8899"]
[19:32:09:267] [INFO] - org.apache.juli.logging.DirectJDKLog.log(DirectJDKLog.java:179) - Using a shared selector for servlet write/read
[19:32:09:297] [INFO] - org.apache.juli.logging.DirectJDKLog.log(DirectJDKLog.java:179) - Initializing Spring FrameworkServlet 'dispatcherServlet'
[19:32:09:408] [INFO] - org.springframework.boot.StartupInfoLogger.logStarted(StartupInfoLogger.java:57) - Started WebApplication in 17.506 seconds (JVM running for 21.17)
[19:32:28:080] [INFO] - com.alibaba.druid.pool.DruidDataSource.init(DruidDataSource.java:922) - {dataSource-1} inited
[19:32:33:078] [INFO] - smart.industry.train.web.controllers.UserController.list(UserController.java:34) - This is an info message
[19:34:44:025] [INFO] - com.alibaba.druid.pool.DruidDataSource.close(DruidDataSource.java:1817) - {dataSource-1} closed
[19:34:45:194] [INFO] - org.springframework.boot.StartupInfoLogger.logStarting(StartupInfoLogger.java:48) - Starting WebApplication on simm with PID 17644 (D:\myworkspace\git\smart-industry\smart-industry-train-web\target\classes started by dell in D:\myworkspace\git\smart-industry)
[19:34:45:195] [INFO] - org.springframework.boot.SpringApplication.logStartupProfileInfo(SpringApplication.java:597) - The following profiles are active: dev
[19:34:55:378] [INFO] - org.springframework.boot.StartupInfoLogger.logStarting(StartupInfoLogger.java:48) - Starting WebApplication on simm with PID 14736 (D:\myworkspace\git\smart-industry\smart-industry-train-web\target\classes started by dell in D:\myworkspace\git\smart-industry)
[19:34:55:450] [INFO] - org.springframework.boot.SpringApplication.logStartupProfileInfo(SpringApplication.java:597) - The following profiles are active: dev
[19:34:55:765] [INFO] - org.hibernate.validator.internal.util.Version.<clinit>(Version.java:30) - HV000001: Hibernate Validator 5.3.6.Final
[19:35:01:598] [INFO] - org.apache.juli.logging.DirectJDKLog.log(DirectJDKLog.java:179) - Starting service [Tomcat]
[19:35:01:601] [INFO] - org.apache.juli.logging.DirectJDKLog.log(DirectJDKLog.java:179) - Starting Servlet Engine: Apache Tomcat/8.5.23
[19:35:01:796] [INFO] - org.apache.juli.logging.DirectJDKLog.log(DirectJDKLog.java:179) - Initializing Spring embedded WebApplicationContext
[19:35:09:720] [INFO] - org.apache.juli.logging.DirectJDKLog.log(DirectJDKLog.java:179) - Initializing ProtocolHandler ["http-nio-8899"]
[19:35:09:736] [INFO] - org.apache.juli.logging.DirectJDKLog.log(DirectJDKLog.java:179) - Starting ProtocolHandler ["http-nio-8899"]
[19:35:09:765] [INFO] - org.apache.juli.logging.DirectJDKLog.log(DirectJDKLog.java:179) - Using a shared selector for servlet write/read
[19:35:09:789] [INFO] - org.apache.juli.logging.DirectJDKLog.log(DirectJDKLog.java:179) - Initializing Spring FrameworkServlet 'dispatcherServlet'
[19:35:09:860] [INFO] - org.springframework.boot.StartupInfoLogger.logStarted(StartupInfoLogger.java:57) - Started WebApplication in 16.424 seconds (JVM running for 19.914)
[19:35:31:434] [INFO] - smart.industry.train.web.controllers.UserController.list(UserController.java:34) - This is an info message
[19:35:32:882] [INFO] - com.alibaba.druid.pool.DruidDataSource.init(DruidDataSource.java:922) - {dataSource-1} inited
[19:45:49:152] [INFO] - smart.industry.train.web.controllers.UserController.list(UserController.java:34) - This is an info message
[19:49:08:650] [INFO] - smart.industry.train.web.controllers.UserController.list(UserController.java:34) - This is an info message
[19:56:38:599] [INFO] - smart.industry.train.web.controllers.UserController.list(UserController.java:34) - This is an info message
[19:59:37:977] [INFO] - com.alibaba.druid.pool.DruidDataSource.close(DruidDataSource.java:1817) - {dataSource-1} closed
[19:59:39:005] [INFO] - org.springframework.boot.StartupInfoLogger.logStarting(StartupInfoLogger.java:48) - Starting WebApplication on simm with PID 14736 (D:\myworkspace\git\smart-industry\smart-industry-train-web\target\classes started by dell in D:\myworkspace\git\smart-industry)
[19:59:39:006] [INFO] - org.springframework.boot.SpringApplication.logStartupProfileInfo(SpringApplication.java:597) - The following profiles are active: dev
[19:59:43:185] [INFO] - org.apache.juli.logging.DirectJDKLog.log(DirectJDKLog.java:179) - Starting service [Tomcat]
[19:59:43:185] [INFO] - org.apache.juli.logging.DirectJDKLog.log(DirectJDKLog.java:179) - Starting Servlet Engine: Apache Tomcat/8.5.23
[19:59:43:245] [INFO] - org.apache.juli.logging.DirectJDKLog.log(DirectJDKLog.java:179) - Initializing Spring embedded WebApplicationContext
[19:59:48:657] [INFO] - org.apache.juli.logging.DirectJDKLog.log(DirectJDKLog.java:179) - Initializing ProtocolHandler ["http-nio-8899"]
[19:59:48:657] [INFO] - org.apache.juli.logging.DirectJDKLog.log(DirectJDKLog.java:179) - Starting ProtocolHandler ["http-nio-8899"]
[19:59:48:659] [INFO] - org.apache.juli.logging.DirectJDKLog.log(DirectJDKLog.java:179) - Using a shared selector for servlet write/read
[19:59:48:666] [INFO] - org.apache.juli.logging.DirectJDKLog.log(DirectJDKLog.java:179) - Initializing Spring FrameworkServlet 'dispatcherServlet'
[19:59:48:680] [INFO] - org.springframework.boot.StartupInfoLogger.logStarted(StartupInfoLogger.java:57) - Started WebApplication in 9.985 seconds (JVM running for 1498.734)
[20:00:00:429] [INFO] - com.alibaba.druid.pool.DruidDataSource.init(DruidDataSource.java:922) - {dataSource-2} inited
[20:01:05:029] [INFO] - org.springframework.boot.StartupInfoLogger.logStarting(StartupInfoLogger.java:48) - Starting WebApplication on simm with PID 17452 (D:\myworkspace\git\smart-industry\smart-industry-train-web\target\classes started by dell in D:\myworkspace\git\smart-industry)
[20:01:05:109] [INFO] - org.springframework.boot.SpringApplication.logStartupProfileInfo(SpringApplication.java:597) - The following profiles are active: dev
[20:01:05:399] [INFO] - org.hibernate.validator.internal.util.Version.<clinit>(Version.java:30) - HV000001: Hibernate Validator 5.3.6.Final
[20:01:11:246] [INFO] - org.apache.juli.logging.DirectJDKLog.log(DirectJDKLog.java:179) - Starting service [Tomcat]
[20:01:11:248] [INFO] - org.apache.juli.logging.DirectJDKLog.log(DirectJDKLog.java:179) - Starting Servlet Engine: Apache Tomcat/8.5.23
[20:01:11:497] [INFO] - org.apache.juli.logging.DirectJDKLog.log(DirectJDKLog.java:179) - Initializing Spring embedded WebApplicationContext
[20:01:19:993] [INFO] - org.apache.juli.logging.DirectJDKLog.log(DirectJDKLog.java:179) - Initializing ProtocolHandler ["http-nio-8899"]
[20:01:20:008] [INFO] - org.apache.juli.logging.DirectJDKLog.log(DirectJDKLog.java:179) - Starting ProtocolHandler ["http-nio-8899"]
[20:01:20:040] [INFO] - org.apache.juli.logging.DirectJDKLog.log(DirectJDKLog.java:179) - Using a shared selector for servlet write/read
[20:01:20:068] [INFO] - org.apache.juli.logging.DirectJDKLog.log(DirectJDKLog.java:179) - Initializing Spring FrameworkServlet 'dispatcherServlet'
[20:01:20:151] [INFO] - org.springframework.boot.StartupInfoLogger.logStarted(StartupInfoLogger.java:57) - Started WebApplication in 16.804 seconds (JVM running for 20.545)
[20:01:49:533] [INFO] - com.alibaba.druid.pool.DruidDataSource.init(DruidDataSource.java:922) - {dataSource-1} inited
[20:16:13:558] [INFO] - smart.industry.train.web.controllers.UserController.list(UserController.java:34) - This is an info message
[20:20:42:767] [INFO] - smart.industry.train.web.controllers.UserController.list(UserController.java:34) - This is an info message
[20:25:53:371] [INFO] - smart.industry.train.web.controllers.UserController.list(UserController.java:34) - This is an info message
[20:32:01:181] [INFO] - smart.industry.train.web.controllers.UserController.list(UserController.java:34) - This is an info message
[20:33:01:437] [INFO] - smart.industry.train.web.controllers.UserController.list(UserController.java:34) - This is an info message
[20:37:29:717] [INFO] - smart.industry.train.web.controllers.UserController.list(UserController.java:34) - This is an info message
[22:52:05:885] [INFO] - com.alibaba.druid.pool.DruidDataSource.close(DruidDataSource.java:1817) - {dataSource-1} closed
[22:52:07:781] [INFO] - org.springframework.boot.StartupInfoLogger.logStarting(StartupInfoLogger.java:48) - Starting WebApplication on simm with PID 17452 (D:\myworkspace\git\smart-industry\smart-industry-train-web\target\classes started by dell in D:\myworkspace\git\smart-industry)
[22:52:07:781] [INFO] - org.springframework.boot.SpringApplication.logStartupProfileInfo(SpringApplication.java:597) - The following profiles are active: dev
[22:52:13:408] [INFO] - org.apache.juli.logging.DirectJDKLog.log(DirectJDKLog.java:179) - Starting service [Tomcat]
[22:52:13:409] [INFO] - org.apache.juli.logging.DirectJDKLog.log(DirectJDKLog.java:179) - Starting Servlet Engine: Apache Tomcat/8.5.23
[22:52:13:474] [INFO] - org.apache.juli.logging.DirectJDKLog.log(DirectJDKLog.java:179) - Initializing Spring embedded WebApplicationContext
[22:52:20:065] [INFO] - org.apache.juli.logging.DirectJDKLog.log(DirectJDKLog.java:179) - Initializing ProtocolHandler ["http-nio-8899"]
[22:52:20:066] [INFO] - org.apache.juli.logging.DirectJDKLog.log(DirectJDKLog.java:179) - Starting ProtocolHandler ["http-nio-8899"]
[22:52:20:075] [INFO] - org.apache.juli.logging.DirectJDKLog.log(DirectJDKLog.java:179) - Initializing Spring FrameworkServlet 'dispatcherServlet'
[22:52:20:087] [INFO] - org.apache.juli.logging.DirectJDKLog.log(DirectJDKLog.java:179) - Pausing ProtocolHandler ["http-nio-8899"]
[22:52:20:089] [INFO] - org.apache.juli.logging.DirectJDKLog.log(DirectJDKLog.java:179) - Stopping service [Tomcat]
[22:52:20:089] [INFO] - org.apache.juli.logging.DirectJDKLog.log(DirectJDKLog.java:179) - Destroying Spring FrameworkServlet 'dispatcherServlet'
[22:52:20:096] [INFO] - org.apache.juli.logging.DirectJDKLog.log(DirectJDKLog.java:179) - The stop() method was called on component [StandardServer[-1]] after stop() had already been called. The second call will be ignored.
[22:52:20:096] [INFO] - org.apache.juli.logging.DirectJDKLog.log(DirectJDKLog.java:179) - Stopping ProtocolHandler ["http-nio-8899"]
[22:52:20:096] [INFO] - org.apache.juli.logging.DirectJDKLog.log(DirectJDKLog.java:179) - Destroying ProtocolHandler ["http-nio-8899"]
[22:54:26:211] [INFO] - org.springframework.boot.StartupInfoLogger.logStarting(StartupInfoLogger.java:48) - Starting WebApplication on simm with PID 15032 (D:\myworkspace\git\smart-industry\smart-industry-train-web\target\classes started by dell in D:\myworkspace\git\smart-industry)
[22:54:26:221] [INFO] - org.springframework.boot.SpringApplication.logStartupProfileInfo(SpringApplication.java:597) - The following profiles are active: dev
[22:54:26:524] [INFO] - org.hibernate.validator.internal.util.Version.<clinit>(Version.java:30) - HV000001: Hibernate Validator 5.3.6.Final
[22:54:32:410] [INFO] - org.apache.juli.logging.DirectJDKLog.log(DirectJDKLog.java:179) - Starting service [Tomcat]
[22:54:32:412] [INFO] - org.apache.juli.logging.DirectJDKLog.log(DirectJDKLog.java:179) - Starting Servlet Engine: Apache Tomcat/8.5.23
[22:54:32:613] [INFO] - org.apache.juli.logging.DirectJDKLog.log(DirectJDKLog.java:179) - Initializing Spring embedded WebApplicationContext
[22:54:45:731] [INFO] - org.apache.juli.logging.DirectJDKLog.log(DirectJDKLog.java:179) - Initializing ProtocolHandler ["http-nio-8899"]
[22:54:45:747] [INFO] - org.apache.juli.logging.DirectJDKLog.log(DirectJDKLog.java:179) - Starting ProtocolHandler ["http-nio-8899"]
[22:54:45:800] [INFO] - org.apache.juli.logging.DirectJDKLog.log(DirectJDKLog.java:179) - Using a shared selector for servlet write/read
[22:54:45:870] [INFO] - org.apache.juli.logging.DirectJDKLog.log(DirectJDKLog.java:179) - Initializing Spring FrameworkServlet 'dispatcherServlet'
[22:54:45:952] [INFO] - org.springframework.boot.StartupInfoLogger.logStarted(StartupInfoLogger.java:57) - Started WebApplication in 21.964 seconds (JVM running for 25.979)
[22:55:34:207] [INFO] - com.alibaba.druid.pool.DruidDataSource.init(DruidDataSource.java:922) - {dataSource-1} inited
[22:55:35:731] [INFO] - smart.industry.train.web.controllers.UserController.list(UserController.java:34) - This is an info message
