[09:27:53:014] [WARN] - smart.industry.train.web.controllers.UserController.list(UserController.java:35) - This is a warn message
[09:30:37:974] [WARN] - org.apache.juli.logging.DirectJDKLog.log(DirectJDKLog.java:179) - Cannot deserialize session attribute [org.apache.shiro.subject.support.DefaultSubjectContext_PRINCIPALS_SESSION_KEY] for session [5A9A845E5425A7166660EAE28B29AFEA]
[09:32:19:413] [WARN] - smart.industry.train.web.controllers.UserController.list(UserController.java:35) - This is a warn message
[09:32:59:812] [WARN] - smart.industry.train.web.controllers.UserController.list(UserController.java:35) - This is a warn message
[09:38:02:889] [WARN] - smart.industry.train.web.controllers.UserController.list(UserController.java:35) - This is a warn message
[09:41:34:372] [WARN] - smart.industry.train.web.controllers.UserController.list(UserController.java:35) - This is a warn message
[09:49:05:948] [WARN] - smart.industry.train.web.controllers.UserController.list(UserController.java:35) - This is a warn message
[10:08:32:745] [WARN] - smart.industry.train.web.controllers.UserController.list(UserController.java:35) - This is a warn message
[10:13:56:090] [WARN] - smart.industry.train.web.controllers.UserController.list(UserController.java:35) - This is a warn message
[10:29:03:233] [WARN] - smart.industry.train.web.controllers.UserController.list(UserController.java:35) - This is a warn message
[12:10:53:764] [WARN] - smart.industry.train.web.controllers.UserController.list(UserController.java:35) - This is a warn message
[12:13:10:912] [WARN] - smart.industry.train.web.controllers.UserController.list(UserController.java:35) - This is a warn message
[12:51:22:667] [WARN] - org.apache.juli.logging.DirectJDKLog.log(DirectJDKLog.java:179) - Cannot deserialize session attribute [org.apache.shiro.subject.support.DefaultSubjectContext_PRINCIPALS_SESSION_KEY] for session [C8B85D6E554A8D9916E9E0322259509A]
[13:11:35:819] [WARN] - org.mybatis.spring.mapper.ClassPathMapperScanner.doScan(ClassPathMapperScanner.java:166) - No MyBatis mapper was found in '[smart.industry.train.biz.mapper]' package. Please check your configuration.
[13:11:36:243] [WARN] - org.mybatis.spring.mapper.ClassPathMapperScanner.doScan(ClassPathMapperScanner.java:166) - No MyBatis mapper was found in '[smart.industry.train.web]' package. Please check your configuration.
[13:19:44:950] [WARN] - smart.industry.train.web.controllers.UserController.list(UserController.java:35) - This is a warn message
[13:28:42:894] [WARN] - org.apache.juli.logging.DirectJDKLog.log(DirectJDKLog.java:179) - Cannot deserialize session attribute [org.apache.shiro.subject.support.DefaultSubjectContext_PRINCIPALS_SESSION_KEY] for session [DD1D4334EAEBA315F11EB0805D1543A5]
[13:30:57:194] [WARN] - smart.industry.train.web.controllers.UserController.list(UserController.java:35) - This is a warn message
[13:42:50:060] [WARN] - smart.industry.train.web.controllers.UserController.list(UserController.java:35) - This is a warn message
[13:45:52:043] [WARN] - smart.industry.train.web.controllers.UserController.list(UserController.java:35) - This is a warn message
[13:54:12:048] [WARN] - smart.industry.train.web.controllers.UserController.list(UserController.java:35) - This is a warn message
[13:56:37:996] [WARN] - smart.industry.train.web.controllers.UserController.list(UserController.java:35) - This is a warn message
[13:57:52:791] [WARN] - smart.industry.train.web.controllers.UserController.list(UserController.java:35) - This is a warn message
[14:01:18:550] [WARN] - smart.industry.train.web.controllers.UserController.list(UserController.java:35) - This is a warn message
[14:33:57:074] [WARN] - smart.industry.train.web.controllers.UserController.list(UserController.java:35) - This is a warn message
[14:38:09:723] [WARN] - smart.industry.train.web.controllers.UserController.list(UserController.java:35) - This is a warn message
[14:41:45:393] [WARN] - org.apache.juli.logging.DirectJDKLog.log(DirectJDKLog.java:179) - Cannot deserialize session attribute [org.apache.shiro.subject.support.DefaultSubjectContext_PRINCIPALS_SESSION_KEY] for session [78B283514B2BE327AEA2F41520226190]
[14:45:20:309] [WARN] - smart.industry.train.web.controllers.UserController.list(UserController.java:35) - This is a warn message
[14:51:34:959] [WARN] - smart.industry.train.web.controllers.UserController.list(UserController.java:35) - This is a warn message
[14:52:20:118] [WARN] - smart.industry.train.web.controllers.UserController.list(UserController.java:35) - This is a warn message
[14:57:32:224] [WARN] - org.apache.juli.logging.DirectJDKLog.log(DirectJDKLog.java:179) - Cannot deserialize session attribute [org.apache.shiro.subject.support.DefaultSubjectContext_PRINCIPALS_SESSION_KEY] for session [AD3B72181A21C7AE5838A19CF4C05ED3]
[15:01:43:114] [WARN] - smart.industry.train.web.controllers.UserController.list(UserController.java:35) - This is a warn message
[15:02:38:693] [WARN] - smart.industry.train.web.controllers.UserController.list(UserController.java:35) - This is a warn message
[15:03:22:207] [WARN] - smart.industry.train.web.controllers.UserController.list(UserController.java:35) - This is a warn message
[15:08:41:915] [WARN] - org.apache.juli.logging.DirectJDKLog.log(DirectJDKLog.java:179) - Cannot deserialize session attribute [org.apache.shiro.subject.support.DefaultSubjectContext_PRINCIPALS_SESSION_KEY] for session [8C4F984D745F2D49A72D536454A7003D]
[15:12:54:595] [WARN] - smart.industry.train.web.controllers.UserController.list(UserController.java:35) - This is a warn message
[15:18:48:576] [WARN] - smart.industry.train.web.controllers.UserController.list(UserController.java:35) - This is a warn message
[15:19:57:474] [WARN] - smart.industry.train.web.controllers.UserController.list(UserController.java:35) - This is a warn message
[15:25:58:569] [WARN] - smart.industry.train.web.controllers.UserController.list(UserController.java:35) - This is a warn message
[15:30:59:064] [WARN] - smart.industry.train.web.controllers.UserController.list(UserController.java:35) - This is a warn message
[15:34:36:084] [WARN] - org.apache.juli.logging.DirectJDKLog.log(DirectJDKLog.java:179) - Cannot deserialize session attribute [org.apache.shiro.subject.support.DefaultSubjectContext_PRINCIPALS_SESSION_KEY] for session [C9F7A31307D36DD6CE585D6D04962E86]
[15:34:47:512] [WARN] - smart.industry.train.web.controllers.UserController.list(UserController.java:35) - This is a warn message
[15:42:46:728] [WARN] - org.apache.juli.logging.DirectJDKLog.log(DirectJDKLog.java:179) - Cannot deserialize session attribute [org.apache.shiro.subject.support.DefaultSubjectContext_PRINCIPALS_SESSION_KEY] for session [B46275DCF847487E272070B4A4BCC52B]
[15:43:07:312] [WARN] - smart.industry.train.web.controllers.UserController.list(UserController.java:35) - This is a warn message
[15:50:38:480] [WARN] - smart.industry.train.web.controllers.UserController.list(UserController.java:35) - This is a warn message
[15:52:30:501] [WARN] - smart.industry.train.web.controllers.UserController.list(UserController.java:35) - This is a warn message
[16:00:17:538] [WARN] - smart.industry.train.web.controllers.UserController.list(UserController.java:35) - This is a warn message
[16:00:57:671] [WARN] - smart.industry.train.web.controllers.UserController.list(UserController.java:35) - This is a warn message
[16:15:06:687] [WARN] - smart.industry.train.web.controllers.UserController.list(UserController.java:35) - This is a warn message
[16:33:14:988] [WARN] - smart.industry.train.web.controllers.UserController.list(UserController.java:35) - This is a warn message
[16:36:44:117] [WARN] - org.apache.juli.logging.DirectJDKLog.log(DirectJDKLog.java:179) - Cannot deserialize session attribute [org.apache.shiro.subject.support.DefaultSubjectContext_PRINCIPALS_SESSION_KEY] for session [2A936A2E1A1CCF5760EDB165EE4C41BF]
[16:53:52:826] [WARN] - smart.industry.train.web.controllers.UserController.list(UserController.java:35) - This is a warn message
[16:56:50:246] [WARN] - smart.industry.train.web.controllers.UserController.list(UserController.java:35) - This is a warn message
[16:59:53:066] [WARN] - org.apache.juli.logging.DirectJDKLog.log(DirectJDKLog.java:179) - Cannot deserialize session attribute [org.apache.shiro.subject.support.DefaultSubjectContext_PRINCIPALS_SESSION_KEY] for session [FE36D9BE25058BE0598B4A5E59FF623B]
[17:09:17:683] [WARN] - smart.industry.train.web.controllers.UserController.list(UserController.java:35) - This is a warn message
[17:13:22:050] [WARN] - smart.industry.train.web.controllers.UserController.list(UserController.java:35) - This is a warn message
[17:19:39:289] [WARN] - smart.industry.train.web.controllers.UserController.list(UserController.java:35) - This is a warn message
[17:21:14:077] [WARN] - smart.industry.train.web.controllers.UserController.list(UserController.java:35) - This is a warn message
[19:32:33:079] [WARN] - smart.industry.train.web.controllers.UserController.list(UserController.java:35) - This is a warn message
[19:35:02:473] [WARN] - org.apache.juli.logging.DirectJDKLog.log(DirectJDKLog.java:179) - Cannot deserialize session attribute [org.apache.shiro.subject.support.DefaultSubjectContext_PRINCIPALS_SESSION_KEY] for session [73C834DE9B34F5FF9C0C66A6302F8767]
[19:35:31:435] [WARN] - smart.industry.train.web.controllers.UserController.list(UserController.java:35) - This is a warn message
[19:45:49:153] [WARN] - smart.industry.train.web.controllers.UserController.list(UserController.java:35) - This is a warn message
[19:49:08:650] [WARN] - smart.industry.train.web.controllers.UserController.list(UserController.java:35) - This is a warn message
[19:56:38:600] [WARN] - smart.industry.train.web.controllers.UserController.list(UserController.java:35) - This is a warn message
[20:16:13:559] [WARN] - smart.industry.train.web.controllers.UserController.list(UserController.java:35) - This is a warn message
[20:20:42:768] [WARN] - smart.industry.train.web.controllers.UserController.list(UserController.java:35) - This is a warn message
[20:25:53:372] [WARN] - smart.industry.train.web.controllers.UserController.list(UserController.java:35) - This is a warn message
[20:32:01:182] [WARN] - smart.industry.train.web.controllers.UserController.list(UserController.java:35) - This is a warn message
[20:33:01:438] [WARN] - smart.industry.train.web.controllers.UserController.list(UserController.java:35) - This is a warn message
[20:37:29:717] [WARN] - smart.industry.train.web.controllers.UserController.list(UserController.java:35) - This is a warn message
[22:55:35:732] [WARN] - smart.industry.train.web.controllers.UserController.list(UserController.java:35) - This is a warn message
